2023-06-09 14:19:39,234 INFO:https://www.sina.com.cn/请求成功，保存完毕
2023-06-09 14:19:39,694 INFO:http://www.people.com.cn/请求成功，保存完毕
2023-06-09 14:19:45,304 INFO:http://news.sohu.com/请求成功，保存完毕
2023-06-09 14:19:45,713 INFO:https://www.thepaper.cn/请求成功，保存完毕
2023-06-09 14:19:51,746 INFO:https://news.163.com/请求成功，保存完毕
2023-06-09 14:19:57,759 INFO:https://news.ifeng.com/请求成功，保存完毕
2023-06-09 14:20:03,168 INFO:http://xz.people.com.cn/n2/2023/0427/c138901-40395043.html请求成功，保存完毕
2023-06-09 14:20:07,916 INFO:http://xz.people.com.cn/n2/2023/0424/c138901-40389734.html请求成功，保存完毕
2023-06-09 14:20:08,218 INFO:http://xz.people.com.cn/n2/2023/0421/c138901-40385897.html请求成功，保存完毕
2023-06-09 14:20:08,488 INFO:http://xz.people.com.cn/n2/2023/0419/c138901-40382806.html请求成功，保存完毕
2023-06-09 14:20:08,805 INFO:http://xz.people.com.cn/n2/2023/0418/c138901-40381473.html请求成功，保存完毕
2023-06-09 14:20:09,111 INFO:http://xz.people.com.cn/n2/2023/0415/c138901-40377874.html请求成功，保存完毕
2023-06-09 14:20:09,333 INFO:http://xz.people.com.cn/n2/2023/0415/c138901-40377854.html请求成功，保存完毕
2023-06-09 14:20:09,618 INFO:http://xz.people.com.cn/n2/2023/0411/c138901-40372168.html请求成功，保存完毕
2023-06-09 14:20:09,862 INFO:http://xz.people.com.cn/n2/2023/0410/c138901-40370381.html请求成功，保存完毕
2023-06-09 14:20:10,236 INFO:http://xz.people.com.cn/n2/2023/0408/c138901-40368809.html请求成功，保存完毕
2023-06-09 14:20:10,539 INFO:http://xz.people.com.cn/n2/2023/0406/c138901-40366243.html请求成功，保存完毕
2023-06-09 14:20:10,851 INFO:http://xz.people.com.cn/n2/2023/0404/c138901-40363044.html请求成功，保存完毕
2023-06-09 14:20:11,242 INFO:http://xz.people.com.cn/n2/2023/0403/c138901-40362225.html请求成功，保存完毕
2023-06-09 14:20:11,557 INFO:http://xz.people.com.cn/n2/2023/0331/c138901-40359228.html请求成功，保存完毕
2023-06-09 14:20:12,425 INFO:http://xz.people.com.cn/n2/2023/0330/c138901-40357953.html请求成功，保存完毕
2023-06-09 14:20:12,624 INFO:http://xz.people.com.cn/n2/2023/0330/c138901-40357617.html请求成功，保存完毕
2023-06-09 14:20:18,118 INFO:http://xz.people.com.cn/n2/2023/0321/c138901-40345581.html请求成功，保存完毕
2023-06-09 14:20:18,519 INFO:http://xz.people.com.cn/n2/2023/0319/c138901-40342431.html请求成功，保存完毕
2023-06-09 14:20:23,858 INFO:http://xz.people.com.cn/n2/2023/0318/c138901-40341994.html请求成功，保存完毕
2023-06-09 14:20:24,088 INFO:http://xz.people.com.cn/n2/2023/0317/c138901-40340920.html请求成功，保存完毕
2023-06-09 14:20:24,354 INFO:http://xz.people.com.cn/n2/2023/0317/c138901-40340195.html请求成功，保存完毕
2023-06-09 14:20:30,006 INFO:http://xz.people.com.cn/n2/2023/0315/c138901-40337951.html请求成功，保存完毕
2023-06-09 14:20:30,285 INFO:http://xz.people.com.cn/n2/2023/0313/c138901-40334612.html请求成功，保存完毕
2023-06-09 14:20:30,645 INFO:http://xz.people.com.cn/n2/2023/0312/c138901-40333457.html请求成功，保存完毕
2023-06-09 14:20:31,237 INFO:http://xz.people.com.cn/n2/2023/0310/c138901-40331516.html请求成功，保存完毕
2023-06-09 14:20:36,639 INFO:http://xz.people.com.cn/n2/2023/0309/c138901-40330567.html请求成功，保存完毕
2023-06-09 14:20:36,888 INFO:http://xz.people.com.cn/n2/2023/0309/c138901-40330520.html请求成功，保存完毕
2023-06-09 14:20:42,037 INFO:http://xz.people.com.cn/n2/2023/0308/c138901-40328582.html请求成功，保存完毕
2023-06-09 14:20:42,350 INFO:http://xz.people.com.cn/n2/2023/0302/c138901-40321473.html请求成功，保存完毕
2023-06-09 14:20:42,592 INFO:http://xz.people.com.cn/n2/2023/0228/c138901-40318541.html请求成功，保存完毕
2023-06-09 14:20:42,820 INFO:http://xz.people.com.cn/n2/2023/0227/c138901-40317303.html请求成功，保存完毕
2023-06-09 14:20:43,032 INFO:http://xz.people.com.cn/n2/2023/0227/c138901-40317162.html请求成功，保存完毕
2023-06-09 14:20:43,223 INFO:http://xz.people.com.cn/n2/2023/0225/c138901-40315552.html请求成功，保存完毕
2023-06-09 14:20:49,023 INFO:http://xz.people.com.cn/n2/2023/0221/c138901-40309512.html请求成功，保存完毕
2023-06-09 14:20:49,353 INFO:http://xz.people.com.cn/GB/339805/请求成功，保存完毕
2023-06-09 14:20:49,536 INFO:http://xz.people.com.cn/n2/2023/0608/c138901-40449135.html请求成功，保存完毕
2023-06-09 14:20:49,794 INFO:http://xz.people.com.cn/n2/2023/0608/c138901-40449130.html请求成功，保存完毕
2023-06-09 14:20:50,004 INFO:http://xz.people.com.cn/n2/2023/0608/c138901-40449126.html请求成功，保存完毕
2023-06-09 14:20:50,252 INFO:http://xz.people.com.cn/n2/2023/0608/c138901-40449122.html请求成功，保存完毕
2023-06-09 14:20:50,675 INFO:http://xz.people.com.cn/n2/2023/0608/c138901-40449120.html请求成功，保存完毕
2023-06-09 14:20:50,927 INFO:http://xz.people.com.cn/n2/2023/0608/c138901-40449090.html请求成功，保存完毕
2023-06-09 14:20:51,176 INFO:http://xz.people.com.cn/n2/2023/0608/c138901-40449085.html请求成功，保存完毕
2023-06-09 14:20:51,404 INFO:http://xz.people.com.cn/n2/2023/0608/c138901-40449075.html请求成功，保存完毕
2023-06-09 14:20:51,653 INFO:http://xz.people.com.cn/n2/2023/0608/c138901-40449074.html请求成功，保存完毕
2023-06-09 14:20:51,863 INFO:http://xz.people.com.cn/n2/2023/0607/c138901-40447428.html请求成功，保存完毕
2023-06-09 14:20:52,106 INFO:http://xz.people.com.cn/n2/2023/0607/c138901-40447427.html请求成功，保存完毕
2023-06-09 14:20:52,340 INFO:http://xz.people.com.cn/n2/2023/0607/c138901-40447412.html请求成功，保存完毕
2023-06-09 14:20:52,542 INFO:http://xz.people.com.cn/n2/2023/0607/c138901-40447406.html请求成功，保存完毕
2023-06-09 14:20:52,768 INFO:http://xz.people.com.cn/n2/2023/0607/c138901-40447403.html请求成功，保存完毕
2023-06-09 14:20:53,055 INFO:http://xz.people.com.cn/n2/2023/0607/c138901-40447402.html请求成功，保存完毕
2023-06-09 14:20:53,325 INFO:http://xz.people.com.cn/n2/2023/0607/c138901-40447401.html请求成功，保存完毕
2023-06-09 14:20:53,580 INFO:http://xz.people.com.cn/n2/2023/0607/c138901-40447398.html请求成功，保存完毕
2023-06-09 14:20:53,746 INFO:http://xz.people.com.cn/n2/2023/0607/c138901-40447394.html请求成功，保存完毕
2023-06-09 14:20:53,979 INFO:http://xz.people.com.cn/n2/2023/0607/c138901-40447388.html请求成功，保存完毕
2023-06-09 14:20:54,202 INFO:http://xz.people.com.cn/n2/2023/0607/c138901-40447383.html请求成功，保存完毕
2023-06-09 14:20:54,378 INFO:http://xz.people.com.cn/n2/2023/0607/c138901-40447382.html请求成功，保存完毕
2023-06-09 14:20:54,660 INFO:http://xz.people.com.cn/n2/2023/0606/c138901-40445938.html请求成功，保存完毕
2023-06-09 14:20:54,964 INFO:http://xz.people.com.cn/n2/2023/0606/c138901-40445880.html请求成功，保存完毕
2023-06-09 14:20:55,182 INFO:http://xz.people.com.cn/n2/2023/0606/c138901-40445875.html请求成功，保存完毕
2023-06-09 14:20:55,441 INFO:http://xz.people.com.cn/n2/2023/0606/c138901-40445863.html请求成功，保存完毕
2023-06-09 14:20:55,658 INFO:http://xz.people.com.cn/n2/2023/0606/c138901-40445858.html请求成功，保存完毕
2023-06-09 14:20:56,002 INFO:http://xz.people.com.cn/n2/2023/0606/c138901-40445853.html请求成功，保存完毕
2023-06-09 14:20:56,243 INFO:http://xz.people.com.cn/n2/2023/0606/c138901-40445845.html请求成功，保存完毕
2023-06-09 14:20:56,438 INFO:http://xz.people.com.cn/n2/2023/0606/c138901-40445839.html请求成功，保存完毕
2023-06-09 14:20:56,711 INFO:http://xz.people.com.cn/n2/2023/0606/c138901-40445811.html请求成功，保存完毕
2023-06-09 14:20:57,001 INFO:http://xz.people.com.cn/n2/2023/0606/c138901-40445803.html请求成功，保存完毕
2023-06-09 14:20:57,273 INFO:http://xz.people.com.cn/n2/2023/0606/c138901-40445802.html请求成功，保存完毕
2023-06-09 14:20:57,480 INFO:http://yn.people.com.cn/n2/2023/0530/c378439-40436033.html请求成功，保存完毕
2023-06-09 14:20:57,740 INFO:http://henan.people.com.cn/n2/2023/0530/c378397-40437402.html请求成功，保存完毕
2023-06-09 14:20:58,038 INFO:http://sd.people.com.cn/n2/2023/0530/c399359-40437424.html请求成功，保存完毕
2023-06-09 14:20:58,239 INFO:http://jx.people.com.cn/n2/2023/0530/c186330-40436012.html请求成功，保存完毕
2023-06-09 14:20:58,485 INFO:http://fj.people.com.cn/n2/2023/0529/c181466-40435418.html请求成功，保存完毕
2023-06-09 14:20:58,573 INFO:http://bbs1.people.com.cn/postLocalLink.do?nid=40006224请求失败
2023-06-09 14:21:04,051 INFO:http://pic.people.com.cn/n1/2023/0605/c1016-40006224-2.html请求成功，保存完毕
2023-06-09 14:21:09,282 INFO:http://pic.people.com.cn/n1/2023/0605/c1016-40006224-3.html请求成功，保存完毕
2023-06-09 14:21:14,966 INFO:http://pic.people.com.cn/n1/2023/0605/c1016-40006224-4.html请求成功，保存完毕
2023-06-09 14:21:23,642 INFO:http://pic.people.com.cn/n1/2023/0605/c1016-40006224-5.html请求成功，保存完毕
2023-06-09 14:21:29,590 INFO:http://pic.people.com.cn/n1/2023/0605/c1016-40006224-6.html请求成功，保存完毕
2023-06-09 14:21:31,190 INFO:http://pic.people.com.cn/n1/2023/0605/c1016-40006224-7.html请求成功，保存完毕
2023-06-09 14:21:37,466 INFO:http://pic.people.com.cn/n1/2023/0605/c1016-40006224-8.html请求成功，保存完毕
2023-06-09 14:21:40,576 INFO:http://xz.people.com.cn/GB/403541/请求成功，保存完毕
2023-06-09 14:21:41,883 INFO:http://xz.people.com.cn/n2/2023/0602/c138901-40441567.html请求成功，保存完毕
2023-06-09 14:21:42,179 INFO:http://xz.people.com.cn/n2/2023/0601/c138901-40439869.html请求成功，保存完毕
2023-06-09 14:21:42,422 INFO:http://xz.people.com.cn/n2/2023/0530/c138901-40436423.html请求成功，保存完毕
2023-06-09 14:21:42,612 INFO:http://xz.people.com.cn/n2/2023/0528/c138901-40434044.html请求成功，保存完毕
2023-06-09 14:21:42,845 INFO:http://xz.people.com.cn/n2/2023/0524/c138901-40428741.html请求成功，保存完毕
2023-06-09 14:21:43,120 INFO:http://xz.people.com.cn/n2/2023/0523/c138901-40427155.html请求成功，保存完毕
2023-06-09 14:21:43,366 INFO:http://xz.people.com.cn/n2/2023/0521/c138901-40424606.html请求成功，保存完毕
2023-06-09 14:21:43,575 INFO:http://xz.people.com.cn/n2/2023/0520/c138901-40424026.html请求成功，保存完毕
2023-06-09 14:21:43,936 INFO:http://xz.people.com.cn/n2/2023/0519/c138901-40422354.html请求成功，保存完毕
2023-06-09 14:21:44,260 INFO:http://xz.people.com.cn/n2/2023/0518/c138901-40420694.html请求成功，保存完毕
2023-06-09 14:21:44,544 INFO:http://xz.people.com.cn/n2/2023/0517/c138901-40419094.html请求成功，保存完毕
2023-06-09 14:21:44,780 INFO:http://xz.people.com.cn/n2/2023/0516/c138901-40417320.html请求成功，保存完毕
2023-06-09 14:21:45,045 INFO:http://xz.people.com.cn/n2/2023/0515/c138901-40415571.html请求成功，保存完毕
2023-06-09 14:21:45,288 INFO:http://xz.people.com.cn/n2/2023/0512/c138901-40412983.html请求成功，保存完毕
2023-06-09 14:21:45,507 INFO:http://xz.people.com.cn/n2/2023/0512/c138901-40412980.html请求成功，保存完毕
2023-06-09 14:21:45,730 INFO:http://xz.people.com.cn/n2/2023/0511/c138901-40411148.html请求成功，保存完毕
2023-06-09 14:21:45,989 INFO:http://xz.people.com.cn/n2/2023/0505/c138901-40403143.html请求成功，保存完毕
2023-06-09 14:21:46,223 INFO:http://xz.people.com.cn/n2/2023/0430/c138901-40399293.html请求成功，保存完毕
2023-06-09 14:21:46,492 INFO:http://xz.people.com.cn/n2/2023/0429/c138901-40398639.html请求成功，保存完毕
2023-06-09 14:21:46,716 INFO:http://xz.people.com.cn/n2/2023/0428/c138901-40396625.html请求成功，保存完毕
2023-06-09 14:21:46,989 INFO:http://xz.people.com.cn/n2/2023/0427/c138901-40394916.html请求成功，保存完毕
2023-06-09 14:21:47,259 INFO:http://xz.people.com.cn/n2/2023/0426/c138901-40393101.html请求成功，保存完毕
2023-06-09 14:21:47,509 INFO:http://xz.people.com.cn/n2/2023/0418/c138901-40380836.html请求成功，保存完毕
2023-06-09 14:21:47,823 INFO:http://xz.people.com.cn/n2/2023/0415/c138901-40377821.html请求成功，保存完毕
2023-06-09 14:21:48,039 INFO:http://xz.people.com.cn/n2/2023/0414/c138901-40376357.html请求成功，保存完毕
2023-06-09 14:21:48,352 INFO:http://xz.people.com.cn/n2/2023/0413/c138901-40374720.html请求成功，保存完毕
2023-06-09 14:21:48,556 INFO:http://xz.people.com.cn/n2/2023/0413/c138901-40374710.html请求成功，保存完毕
2023-06-09 14:21:48,908 INFO:http://xz.people.com.cn/n2/2023/0413/c138901-40374705.html请求成功，保存完毕
2023-06-09 14:21:49,391 INFO:http://xz.people.com.cn/n2/2023/0412/c138901-40373285.html请求成功，保存完毕
2023-06-09 14:21:50,007 INFO:http://xz.people.com.cn/n2/2023/0411/c138901-40371636.html请求成功，保存完毕
2023-06-09 14:21:51,135 INFO:http://xz.people.com.cn/n2/2023/0410/c138901-40370072.html请求成功，保存完毕
2023-06-09 14:21:51,355 INFO:http://xz.people.com.cn/n2/2023/0408/c138901-40368798.html请求成功，保存完毕
2023-06-09 14:21:52,003 INFO:http://xz.people.com.cn/n2/2023/0407/c138901-40367407.html请求成功，保存完毕
2023-06-09 14:21:52,283 INFO:http://xz.people.com.cn/n2/2023/0405/c138901-40365014.html请求成功，保存完毕
2023-06-09 14:21:52,631 INFO:http://xz.people.com.cn/n2/2023/0404/c138901-40363583.html请求成功，保存完毕
2023-06-09 14:21:52,887 INFO:http://xz.people.com.cn/n2/2023/0402/c138901-40361268.html请求成功，保存完毕
2023-06-09 14:21:53,140 INFO:http://xz.people.com.cn/n2/2023/0401/c138901-40360709.html请求成功，保存完毕
2023-06-09 14:21:53,355 INFO:http://xz.people.com.cn/n2/2023/0401/c138901-40360695.html请求成功，保存完毕
2023-06-09 14:21:53,605 INFO:http://xz.people.com.cn/n2/2023/0330/c138901-40357464.html请求成功，保存完毕
2023-06-09 14:21:53,813 INFO:http://xz.people.com.cn/n2/2023/0329/c138901-40356061.html请求成功，保存完毕
2023-06-09 14:21:54,062 INFO:http://xz.people.com.cn/n2/2023/0328/c138901-40354262.html请求成功，保存完毕
2023-06-09 14:21:54,338 INFO:http://xz.people.com.cn/n2/2023/0326/c138901-40352018.html请求成功，保存完毕
2023-06-09 14:21:54,569 INFO:http://xz.people.com.cn/n2/2023/0325/c138901-40351370.html请求成功，保存完毕
2023-06-09 14:21:54,830 INFO:http://xz.people.com.cn/n2/2023/0322/c138901-40346496.html请求成功，保存完毕
2023-06-09 14:21:55,096 INFO:http://xz.people.com.cn/n2/2023/0318/c138901-40341730.html请求成功，保存完毕
2023-06-09 14:21:55,310 INFO:http://xz.people.com.cn/n2/2023/0315/c138901-40336991.html请求成功，保存完毕
2023-06-09 14:21:55,521 INFO:http://xz.people.com.cn/n2/2023/0313/c138901-40334258.html请求成功，保存完毕
2023-06-09 14:21:55,746 INFO:http://paper.people.com.cn/rmrb/html/2023-06/07/nw.D110000renmrb_20230607_7-05.htm请求成功，保存完毕
2023-06-09 14:22:01,184 INFO:http://www.people.com.cn/GB/8196/11618/30863/index.html请求失败
2023-06-09 14:22:06,789 INFO:http://sn.people.com.cn#请求成功，保存完毕
2023-06-09 14:22:12,185 INFO:http://sn.people.com.cn/GB/387251/387341/index.html请求成功，保存完毕
2023-06-09 14:22:17,675 INFO:http://sn.people.com.cn/GB/190197/请求成功，保存完毕
2023-06-09 14:22:17,803 INFO:http://sn.people.com.cn/n2/2023/0608/c186331-40448502.html请求成功，保存完毕
2023-06-09 14:22:17,949 INFO:http://sn.people.com.cn/n2/2023/0605/c226647-40443807.html请求成功，保存完毕
2023-06-09 14:22:18,136 INFO:http://sn.people.com.cn/n2/2023/0603/c378287-40442782.html请求成功，保存完毕
2023-06-09 14:22:18,285 INFO:http://sn.people.com.cn/n2/2023/0601/c186331-40439523.html请求成功，保存完毕
2023-06-09 14:22:18,452 INFO:http://sn.people.com.cn/n2/2023/0531/c186331-40437464.html请求成功，保存完毕
2023-06-09 14:22:23,812 INFO:http://sn.people.com.cn/n2/2023/0531/c186331-40437460.html请求成功，保存完毕
2023-06-09 14:22:29,075 INFO:http://sn.people.com.cn/n2/2023/0531/c186331-40437458.html请求成功，保存完毕
2023-06-09 14:22:29,212 INFO:http://sn.people.com.cn/n2/2023/0531/c186331-40437457.html请求成功，保存完毕
2023-06-09 14:22:29,355 INFO:http://sn.people.com.cn/n2/2023/0531/c186331-40437456.html请求成功，保存完毕
2023-06-09 14:22:29,592 INFO:http://sn.people.com.cn/n2/2023/0531/c186331-40437454.html请求成功，保存完毕
2023-06-09 14:22:29,742 INFO:http://sn.people.com.cn/n2/2023/0531/c186331-40437450.html请求成功，保存完毕
2023-06-09 14:22:29,891 INFO:http://sn.people.com.cn/n2/2023/0531/c186331-40437448.html请求成功，保存完毕
2023-06-09 14:22:30,049 INFO:http://sn.people.com.cn/n2/2023/0531/c186331-40437447.html请求成功，保存完毕
2023-06-09 14:22:30,202 INFO:http://sn.people.com.cn/n2/2023/0531/c186331-40437446.html请求成功，保存完毕
2023-06-09 14:22:30,342 INFO:http://sn.people.com.cn/n2/2023/0530/c186331-40436274.html请求成功，保存完毕
2023-06-09 14:22:30,484 INFO:http://sn.people.com.cn/n2/2023/0530/c186331-40436271.html请求成功，保存完毕
2023-06-09 14:22:30,616 INFO:http://sn.people.com.cn/n2/2023/0530/c186331-40436255.html请求成功，保存完毕
2023-06-09 14:22:30,842 INFO:http://sn.people.com.cn/n2/2023/0530/c186331-40436216.html请求成功，保存完毕
2023-06-09 14:22:30,983 INFO:http://sn.people.com.cn/n2/2023/0530/c186331-40436214.html请求成功，保存完毕
2023-06-09 14:22:31,135 INFO:http://sn.people.com.cn/n2/2023/0530/c186331-40436213.html请求成功，保存完毕
2023-06-09 14:22:31,324 INFO:http://sn.people.com.cn/n2/2023/0530/c186331-40436209.html请求成功，保存完毕
2023-06-09 14:22:31,488 INFO:http://sn.people.com.cn/n2/2023/0530/c186331-40436203.html请求成功，保存完毕
2023-06-09 14:22:31,705 INFO:http://sn.people.com.cn/n2/2023/0530/c186331-40436200.html请求成功，保存完毕
2023-06-09 14:22:32,192 INFO:http://sn.people.com.cn/n2/2023/0530/c186331-40436164.html请求成功，保存完毕
2023-06-09 14:22:32,381 INFO:http://sn.people.com.cn/n2/2023/0529/c186331-40434685.html请求成功，保存完毕
2023-06-09 14:22:32,526 INFO:http://sn.people.com.cn/n2/2023/0529/c186331-40434679.html请求成功，保存完毕
2023-06-09 14:22:32,680 INFO:http://sn.people.com.cn/n2/2023/0529/c186331-40434674.html请求成功，保存完毕
2023-06-09 14:22:32,813 INFO:http://sn.people.com.cn/n2/2023/0529/c186331-40434662.html请求成功，保存完毕
2023-06-09 14:22:32,984 INFO:http://sn.people.com.cn/n2/2023/0529/c186331-40434657.html请求成功，保存完毕
2023-06-09 14:22:33,135 INFO:http://sn.people.com.cn/n2/2023/0529/c186331-40434623.html请求成功，保存完毕
2023-06-09 14:22:33,282 INFO:http://sn.people.com.cn/n2/2023/0529/c186331-40434616.html请求成功，保存完毕
2023-06-09 14:22:33,420 INFO:http://sn.people.com.cn/n2/2023/0529/c186331-40434608.html请求成功，保存完毕
2023-06-09 14:22:33,576 INFO:http://sn.people.com.cn/n2/2023/0529/c186331-40434606.html请求成功，保存完毕
2023-06-09 14:22:33,712 INFO:http://sn.people.com.cn/n2/2023/0529/c186331-40434599.html请求成功，保存完毕
2023-06-09 14:22:33,893 INFO:http://sn.people.com.cn/n2/2023/0529/c186331-40434545.html请求成功，保存完毕
2023-06-09 14:22:34,049 INFO:http://sn.people.com.cn/n2/2023/0528/c186331-40433998.html请求成功，保存完毕
2023-06-09 14:22:34,208 INFO:http://sn.people.com.cn/n2/2023/0528/c186331-40433994.html请求成功，保存完毕
2023-06-09 14:22:34,356 INFO:http://sn.people.com.cn/n2/2023/0528/c186331-40433992.html请求成功，保存完毕
2023-06-09 14:22:34,476 INFO:http://sn.people.com.cn/n2/2023/0528/c186331-40433989.html请求成功，保存完毕
2023-06-09 14:22:34,642 INFO:http://sn.people.com.cn/n2/2023/0528/c186331-40433987.html请求成功，保存完毕
2023-06-09 14:22:34,784 INFO:http://sn.people.com.cn/n2/2023/0528/c186331-40433986.html请求成功，保存完毕
2023-06-09 14:22:34,939 INFO:http://sn.people.com.cn/n2/2023/0527/c186331-40433172.html请求成功，保存完毕
2023-06-09 14:22:35,141 INFO:http://sn.people.com.cn/n2/2023/0527/c186331-40433169.html请求成功，保存完毕
2023-06-09 14:22:35,287 INFO:http://sn.people.com.cn/n2/2023/0527/c186331-40433166.html请求成功，保存完毕
2023-06-09 14:22:35,436 INFO:http://sn.people.com.cn/n2/2023/0527/c186331-40433163.html请求成功，保存完毕
2023-06-09 14:22:35,615 INFO:http://sn.people.com.cn/n2/2023/0527/c186331-40433162.html请求成功，保存完毕
2023-06-09 14:22:35,784 INFO:http://sn.people.com.cn/n2/2023/0527/c186331-40433161.html请求成功，保存完毕
2023-06-09 14:22:35,938 INFO:http://sn.people.com.cn/n2/2023/0527/c186331-40433158.html请求成功，保存完毕
2023-06-09 14:22:36,140 INFO:http://sn.people.com.cn/n2/2023/0527/c186331-40433156.html请求成功，保存完毕
2023-06-09 14:22:37,832 INFO:http://sn.people.com.cn/n2/2023/0527/c186331-40433148.html请求成功，保存完毕
2023-06-09 14:22:37,871 INFO:http://sn.people.com.cnindex2.html请求失败
2023-06-09 14:22:43,229 INFO:http://sn.people.com.cnindex3.html请求失败
2023-06-09 14:22:48,297 INFO:http://sn.people.com.cnindex4.html请求失败
2023-06-09 14:22:53,968 INFO:http://sn.people.com.cn/GB/378287/请求成功，保存完毕
2023-06-09 14:22:54,238 INFO:http://sn.people.com.cn/n2/2023/0608/c226647-40448736.html请求成功，保存完毕
2023-06-09 14:22:54,774 INFO:http://sn.people.com.cn/n2/2023/0608/c226647-40448716.html请求成功，保存完毕
2023-06-09 14:22:55,165 INFO:http://sn.people.com.cn/n2/2023/0608/c226647-40448715.html请求成功，保存完毕
2023-06-09 14:22:55,389 INFO:http://sn.people.com.cn/n2/2023/0608/c226647-40448692.html请求成功，保存完毕
2023-06-09 14:22:55,610 INFO:http://sn.people.com.cn/n2/2023/0608/c226647-40448683.html请求成功，保存完毕
2023-06-09 14:22:55,860 INFO:http://sn.people.com.cn/n2/2023/0608/c226647-40448680.html请求成功，保存完毕
2023-06-09 14:22:56,033 INFO:http://sn.people.com.cn/n2/2023/0607/c226647-40447103.html请求成功，保存完毕
2023-06-09 14:22:56,252 INFO:http://sn.people.com.cn/n2/2023/0607/c226647-40447098.html请求成功，保存完毕
2023-06-09 14:22:56,516 INFO:http://sn.people.com.cn/n2/2023/0607/c226647-40447095.html请求成功，保存完毕
2023-06-09 14:22:56,766 INFO:http://sn.people.com.cn/n2/2023/0607/c226647-40447089.html请求成功，保存完毕
2023-06-09 14:22:56,952 INFO:http://sn.people.com.cn/n2/2023/0607/c226647-40447088.html请求成功，保存完毕
2023-06-09 14:22:57,190 INFO:http://sn.people.com.cn/n2/2023/0607/c226647-40447083.html请求成功，保存完毕
2023-06-09 14:22:57,411 INFO:http://sn.people.com.cn/n2/2023/0607/c226647-40447065.html请求成功，保存完毕
2023-06-09 14:22:57,677 INFO:http://sn.people.com.cn/n2/2023/0606/c378287-40445540.html请求成功，保存完毕
2023-06-09 14:22:57,870 INFO:http://sn.people.com.cn/n2/2023/0606/c226647-40445385.html请求成功，保存完毕
2023-06-09 14:22:58,090 INFO:http://sn.people.com.cn/n2/2023/0606/c226647-40445381.html请求成功，保存完毕
2023-06-09 14:22:58,234 INFO:http://sn.people.com.cn/n2/2023/0605/c378287-40443943.html请求成功，保存完毕
2023-06-09 14:22:58,465 INFO:http://sn.people.com.cn/n2/2023/0605/c226647-40443846.html请求成功，保存完毕
2023-06-09 14:22:58,697 INFO:http://sn.people.com.cn/n2/2023/0605/c226647-40443840.html请求成功，保存完毕
2023-06-09 14:22:58,881 INFO:http://sn.people.com.cn/n2/2023/0605/c226647-40443802.html请求成功，保存完毕
2023-06-09 14:22:59,132 INFO:http://sn.people.com.cn/n2/2023/0605/c226647-40443801.html请求成功，保存完毕
2023-06-09 14:22:59,301 INFO:http://sn.people.com.cn/n2/2023/0604/c186331-40443434.html请求成功，保存完毕
2023-06-09 14:22:59,439 INFO:http://sn.people.com.cn/n2/2023/0604/c186331-40443385.html请求成功，保存完毕
2023-06-09 14:22:59,609 INFO:http://sn.people.com.cn/n2/2023/0604/c186331-40443381.html请求成功，保存完毕
2023-06-09 14:22:59,829 INFO:http://sn.people.com.cn/n2/2023/0604/c186331-40443372.html请求成功，保存完毕
2023-06-09 14:23:00,054 INFO:http://sn.people.com.cn/n2/2023/0604/c186331-40443356.html请求成功，保存完毕
2023-06-09 14:23:00,311 INFO:http://sn.people.com.cn/n2/2023/0603/c378287-40442801.html请求成功，保存完毕
2023-06-09 14:23:00,548 INFO:http://sn.people.com.cn/n2/2023/0603/c378287-40442791.html请求成功，保存完毕
2023-06-09 14:23:00,795 INFO:http://sn.people.com.cn/n2/2023/0603/c378287-40442786.html请求成功，保存完毕
2023-06-09 14:23:01,024 INFO:http://sn.people.com.cn/n2/2023/0603/c378287-40442785.html请求成功，保存完毕
2023-06-09 14:23:01,243 INFO:http://sn.people.com.cn/n2/2023/0603/c378287-40442784.html请求成功，保存完毕
2023-06-09 14:23:01,433 INFO:http://sn.people.com.cn/n2/2023/0603/c378287-40442783.html请求成功，保存完毕
2023-06-09 14:23:01,646 INFO:http://sn.people.com.cn/n2/2023/0602/c186331-40441475.html请求成功，保存完毕
2023-06-09 14:23:01,877 INFO:http://sn.people.com.cn/n2/2023/0602/c186331-40441472.html请求成功，保存完毕
2023-06-09 14:23:02,086 INFO:http://sn.people.com.cn/n2/2023/0602/c186331-40441427.html请求成功，保存完毕
2023-06-09 14:23:02,355 INFO:http://sn.people.com.cn/n2/2023/0602/c186331-40441389.html请求成功，保存完毕
2023-06-09 14:23:02,617 INFO:http://sn.people.com.cn/n2/2023/0602/c186331-40441388.html请求成功，保存完毕
2023-06-09 14:23:02,811 INFO:http://sn.people.com.cn/n2/2023/0602/c186331-40441368.html请求成功，保存完毕
2023-06-09 14:23:03,017 INFO:http://sn.people.com.cn/n2/2023/0602/c186331-40441362.html请求成功，保存完毕
2023-06-09 14:23:03,312 INFO:http://sn.people.com.cn/n2/2023/0602/c186331-40441348.html请求成功，保存完毕
2023-06-09 14:23:03,524 INFO:http://sn.people.com.cn/n2/2023/0602/c186331-40441342.html请求成功，保存完毕
2023-06-09 14:23:03,729 INFO:http://sn.people.com.cn/n2/2023/0602/c186331-40441312.html请求成功，保存完毕
2023-06-09 14:23:03,971 INFO:http://sn.people.com.cn/n2/2023/0602/c186331-40441223.html请求成功，保存完毕
2023-06-09 14:23:04,240 INFO:http://sn.people.com.cn/n2/2023/0601/c186331-40439756.html请求成功，保存完毕
2023-06-09 14:23:04,505 INFO:http://sn.people.com.cn/n2/2023/0601/c186331-40439721.html请求成功，保存完毕
2023-06-09 14:23:04,788 INFO:http://sn.people.com.cn/n2/2023/0601/c186331-40439709.html请求成功，保存完毕
2023-06-09 14:23:05,038 INFO:http://sn.people.com.cn/n2/2023/0601/c186331-40439675.html请求成功，保存完毕
2023-06-09 14:23:05,228 INFO:http://sn.people.com.cn/n2/2023/0329/c186331-40355571.html请求成功，保存完毕
2023-06-09 14:23:05,558 INFO:http://sn.people.com.cn/n2/2023/0328/c186331-40354071.html请求成功，保存完毕
2023-06-09 14:23:05,754 INFO:http://sn.people.com.cn/n2/2023/0328/c186331-40354062.html请求成功，保存完毕
2023-06-09 14:23:05,952 INFO:http://sn.people.com.cn/n2/2023/0326/c186331-40351726.html请求成功，保存完毕
2023-06-09 14:23:06,173 INFO:http://sn.people.com.cn/n2/2023/0325/c186331-40351158.html请求成功，保存完毕
2023-06-09 14:23:07,486 INFO:http://sn.people.com.cn/n2/2023/0321/c226647-40344550.html请求成功，保存完毕
2023-06-09 14:23:07,706 INFO:http://sn.people.com.cn/n2/2023/0307/c186331-40327618.html请求成功，保存完毕
2023-06-09 14:23:07,919 INFO:http://sn.people.com.cn/n2/2023/0510/c226647-40409744.html请求成功，保存完毕
2023-06-09 14:23:08,259 INFO:http://sn.people.com.cn/n2/2023/0515/c226647-40415717.html请求成功，保存完毕
2023-06-09 14:23:08,516 INFO:http://sn.people.com.cn/n2/2023/0529/c226647-40435193.html请求成功，保存完毕
2023-06-09 14:23:08,839 INFO:http://sn.people.com.cn/n2/2023/0419/c226647-40382736.html请求成功，保存完毕
2023-06-09 14:23:09,005 INFO:http://liuyan.people.com.cn/threads/content?tid=17759166
请求成功，保存完毕
2023-06-09 14:23:09,176 INFO:http://sn.people.com.cn/n2/2023/0322/c226647-40346491.html请求成功，保存完毕
2023-06-09 14:23:09,469 INFO:http://sn.people.com.cn/n2/2023/0323/c226647-40347991.html请求成功，保存完毕
2023-06-09 14:23:09,740 INFO:http://sn.people.com.cn/GB/378296/请求成功，保存完毕
2023-06-09 14:23:10,058 INFO:http://sn.people.com.cn/n2/2023/0526/c186331-40431372.html请求成功，保存完毕
2023-06-09 14:23:10,381 INFO:http://sn.people.com.cn/n2/2023/0526/c186331-40431368.html请求成功，保存完毕
2023-06-09 14:23:10,588 INFO:http://sn.people.com.cn/n2/2023/0526/c186331-40431357.html请求成功，保存完毕
2023-06-09 14:23:10,820 INFO:http://sn.people.com.cn/n2/2023/0526/c186331-40431355.html请求成功，保存完毕
2023-06-09 14:23:11,062 INFO:http://sn.people.com.cn/n2/2023/0526/c186331-40431354.html请求成功，保存完毕
2023-06-09 14:23:11,369 INFO:http://sn.people.com.cn/n2/2023/0526/c186331-40431347.html请求成功，保存完毕
2023-06-09 14:23:11,681 INFO:http://sn.people.com.cn/n2/2023/0526/c186331-40431346.html请求成功，保存完毕
2023-06-09 14:23:11,976 INFO:http://sn.people.com.cn/n2/2023/0525/c186331-40430007.html请求成功，保存完毕
2023-06-09 14:23:12,306 INFO:http://sn.people.com.cn/n2/2023/0525/c186331-40430003.html请求成功，保存完毕
2023-06-09 14:23:12,602 INFO:http://sn.people.com.cn/n2/2023/0525/c186331-40430002.html请求成功，保存完毕
2023-06-09 14:23:12,937 INFO:http://sn.people.com.cn/n2/2023/0525/c186331-40429995.html请求成功，保存完毕
2023-06-09 14:23:13,185 INFO:http://sn.people.com.cn/n2/2023/0524/c186331-40428185.html请求成功，保存完毕
2023-06-09 14:23:13,441 INFO:http://sn.people.com.cn/n2/2023/0524/c186331-40428176.html请求成功，保存完毕
2023-06-09 14:23:13,731 INFO:http://sn.people.com.cn/n2/2023/0524/c186331-40428174.html请求成功，保存完毕
2023-06-09 14:23:13,993 INFO:http://sn.people.com.cn/n2/2023/0522/c186331-40425122.html请求成功，保存完毕
2023-06-09 14:23:14,304 INFO:http://sn.people.com.cn/n2/2023/0522/c186331-40425106.html请求成功，保存完毕
2023-06-09 14:23:14,564 INFO:http://sn.people.com.cn/n2/2023/0522/c186331-40425086.html请求成功，保存完毕
2023-06-09 14:23:14,796 INFO:http://sn.people.com.cn/n2/2023/0521/c186331-40424505.html请求成功，保存完毕
2023-06-09 14:23:15,059 INFO:http://sn.people.com.cn/n2/2023/0521/c186331-40424501.html请求成功，保存完毕
2023-06-09 14:23:15,372 INFO:http://sn.people.com.cn/n2/2023/0521/c186331-40424495.html请求成功，保存完毕
2023-06-09 14:23:15,618 INFO:http://sn.people.com.cn/n2/2023/0521/c186331-40424493.html请求成功，保存完毕
2023-06-09 14:23:15,827 INFO:http://sn.people.com.cn/n2/2023/0520/c186331-40423749.html请求成功，保存完毕
2023-06-09 14:23:16,079 INFO:http://sn.people.com.cn/n2/2023/0520/c186331-40423740.html请求成功，保存完毕
2023-06-09 14:23:16,345 INFO:http://sn.people.com.cn/n2/2023/0519/c186331-40422172.html请求成功，保存完毕
2023-06-09 14:23:16,624 INFO:http://sn.people.com.cn/n2/2023/0519/c186331-40422169.html请求成功，保存完毕
2023-06-09 14:23:16,965 INFO:http://sn.people.com.cn/n2/2023/0518/c186331-40420436.html请求成功，保存完毕
2023-06-09 14:23:17,207 INFO:http://sn.people.com.cn/n2/2023/0518/c186331-40420361.html请求成功，保存完毕
2023-06-09 14:23:17,511 INFO:http://sn.people.com.cn/n2/2023/0518/c186331-40420351.html请求成功，保存完毕
2023-06-09 14:23:17,824 INFO:http://sn.people.com.cn/n2/2023/0517/c186331-40418858.html请求成功，保存完毕
2023-06-09 14:23:18,046 INFO:http://sn.people.com.cn/n2/2023/0517/c186331-40418784.html请求成功，保存完毕
2023-06-09 14:23:18,335 INFO:http://sn.people.com.cn/n2/2023/0517/c186331-40418783.html请求成功，保存完毕
2023-06-09 14:23:18,540 INFO:http://liuyan.people.com.cn/threads/content?tid=17768947
请求成功，保存完毕
2023-06-09 14:23:18,721 INFO:http://liuyan.people.com.cn/threads/content?tid=17302834
请求成功，保存完毕
2023-06-09 14:23:18,942 INFO:http://sn.people.com.cn/n2/2023/0222/c226647-40311202.html请求成功，保存完毕
2023-06-09 14:23:19,202 INFO:http://sn.people.com.cn/GB/378311/请求成功，保存完毕
2023-06-09 14:23:19,358 INFO:http://sn.people.com.cn/n2/2023/0608/c226647-40448702.html请求成功，保存完毕
2023-06-09 14:23:19,586 INFO:http://sn.people.com.cn/n2/2023/0608/c226647-40448701.html请求成功，保存完毕
2023-06-09 14:23:19,802 INFO:http://sn.people.com.cn/n2/2023/0607/c226647-40447077.html请求成功，保存完毕
2023-06-09 14:23:19,978 INFO:http://sn.people.com.cn/n2/2023/0607/c226647-40447076.html请求成功，保存完毕
2023-06-09 14:23:20,182 INFO:http://sn.people.com.cn/n2/2023/0607/c226647-40447075.html请求成功，保存完毕
2023-06-09 14:23:20,325 INFO:http://sn.people.com.cn/n2/2023/0606/c226647-40445388.html请求成功，保存完毕
2023-06-09 14:23:20,590 INFO:http://sn.people.com.cn/n2/2023/0606/c226647-40445387.html请求成功，保存完毕
2023-06-09 14:23:20,797 INFO:http://sn.people.com.cn/n2/2023/0605/c226647-40443822.html请求成功，保存完毕
2023-06-09 14:23:21,011 INFO:http://sn.people.com.cn/n2/2023/0605/c226647-40443821.html请求成功，保存完毕
2023-06-09 14:23:21,224 INFO:http://sn.people.com.cn/n2/2023/0605/c226647-40443820.html请求成功，保存完毕
2023-06-09 14:23:21,434 INFO:http://sn.people.com.cn/n2/2023/0605/c226647-40443817.html请求成功，保存完毕
2023-06-09 14:23:21,722 INFO:http://sn.people.com.cn/n2/2023/0601/c186331-40439587.html请求成功，保存完毕
2023-06-09 14:23:22,235 INFO:http://sn.people.com.cn/n2/2023/0525/c186331-40430248.html请求成功，保存完毕
2023-06-09 14:23:22,558 INFO:http://sn.people.com.cn/n2/2023/0525/c186331-40430247.html请求成功，保存完毕
2023-06-09 14:23:22,785 INFO:http://sn.people.com.cn/n2/2023/0525/c186331-40430011.html请求成功，保存完毕
2023-06-09 14:23:22,975 INFO:http://sn.people.com.cn/n2/2023/0522/c226647-40425189.html请求成功，保存完毕
2023-06-09 14:23:23,219 INFO:http://sn.people.com.cn/n2/2023/0521/c186331-40424508.html请求成功，保存完毕
2023-06-09 14:23:23,422 INFO:http://sn.people.com.cn/n2/2023/0518/c186331-40420355.html请求成功，保存完毕
2023-06-09 14:23:23,728 INFO:http://sn.people.com.cn/n2/2023/0515/c186331-40415675.html请求成功，保存完毕
2023-06-09 14:23:23,997 INFO:http://sn.people.com.cn/n2/2023/0515/c186331-40415674.html请求成功，保存完毕
2023-06-09 14:23:24,222 INFO:http://sn.people.com.cn/n2/2023/0515/c186331-40415673.html请求成功，保存完毕
2023-06-09 14:23:24,479 INFO:http://sn.people.com.cn/n2/2023/0512/c186331-40412206.html请求成功，保存完毕
2023-06-09 14:23:24,707 INFO:http://sn.people.com.cn/n2/2023/0511/c186331-40410866.html请求成功，保存完毕
2023-06-09 14:23:24,903 INFO:http://sn.people.com.cn/n2/2023/0510/c186331-40409556.html请求成功，保存完毕
2023-06-09 14:23:25,101 INFO:http://sn.people.com.cn/n2/2023/0510/c186331-40409555.html请求成功，保存完毕
2023-06-09 14:23:25,333 INFO:http://sn.people.com.cn/n2/2023/0510/c186331-40409554.html请求成功，保存完毕
2023-06-09 14:23:25,562 INFO:http://sn.people.com.cn/n2/2023/0509/c186331-40408526.html请求成功，保存完毕
2023-06-09 14:23:25,821 INFO:http://sn.people.com.cn/n2/2023/0509/c186331-40407843.html请求成功，保存完毕
2023-06-09 14:23:26,071 INFO:http://sn.people.com.cn/n2/2023/0508/c186331-40406264.html请求成功，保存完毕
2023-06-09 14:23:26,321 INFO:http://sn.people.com.cn/n2/2023/0505/c186331-40403059.html请求成功，保存完毕
2023-06-09 14:23:26,624 INFO:http://sn.people.com.cn/n2/2023/0505/c186331-40403058.html请求成功，保存完毕
2023-06-09 14:23:26,830 INFO:http://sn.people.com.cn/n2/2023/0504/c186331-40401623.html请求成功，保存完毕
2023-06-09 14:23:27,086 INFO:http://sn.people.com.cn/n2/2023/0504/c186331-40401622.html请求成功，保存完毕
2023-06-09 14:23:27,361 INFO:http://sn.people.com.cn/n2/2023/0504/c186331-40401621.html请求成功，保存完毕
2023-06-09 14:23:27,629 INFO:http://sn.people.com.cn/n2/2023/0504/c186331-40401397.html请求成功，保存完毕
2023-06-09 14:23:27,863 INFO:http://sn.people.com.cn/n2/2023/0503/c186331-40400732.html请求成功，保存完毕
2023-06-09 14:23:28,116 INFO:http://sn.people.com.cn/n2/2023/0503/c186331-40400723.html请求成功，保存完毕
2023-06-09 14:23:28,339 INFO:http://sn.people.com.cn/n2/2023/0502/c186331-40400314.html请求成功，保存完毕
2023-06-09 14:23:28,678 INFO:http://sn.people.com.cn/n2/2023/0331/c378311-40359081.html请求成功，保存完毕
2023-06-09 14:23:28,918 INFO:http://sn.people.com.cn/n2/2023/0331/c186331-40358928.html请求成功，保存完毕
2023-06-09 14:23:29,148 INFO:http://sn.people.com.cn/n2/2023/0330/c186331-40357418.html请求成功，保存完毕
2023-06-09 14:23:29,379 INFO:http://sn.people.com.cn/n2/2023/0330/c186331-40357405.html请求成功，保存完毕
2023-06-09 14:23:29,626 INFO:http://sn.people.com.cn/n2/2023/0329/c186331-40355555.html请求成功，保存完毕
2023-06-09 14:23:29,920 INFO:http://sn.people.com.cn/n2/2023/0328/c186331-40354061.html请求成功，保存完毕
2023-06-09 14:23:30,125 INFO:http://sn.people.com.cn/n2/2023/0327/c186331-40352474.html请求成功，保存完毕
2023-06-09 14:23:30,364 INFO:http://sn.people.com.cn/n2/2023/0327/c186331-40352476.html请求成功，保存完毕
2023-06-09 14:23:30,664 INFO:http://sn.people.com.cn/n2/2023/0327/c186331-40352468.html请求成功，保存完毕
2023-06-09 14:23:30,955 INFO:http://sn.people.com.cn/n2/2023/0326/c186331-40351757.html请求成功，保存完毕
2023-06-09 14:23:31,244 INFO:http://sn.people.com.cn/n2/2023/0325/c186331-40351157.html请求成功，保存完毕
2023-06-09 14:23:31,486 INFO:http://sn.people.com.cn/n2/2023/0324/c186331-40349733.html请求成功，保存完毕
2023-06-09 14:23:31,743 INFO:http://sn.people.com.cn/GB/378291/请求成功，保存完毕
2023-06-09 14:23:31,953 INFO:http://sn.people.com.cn/n2/2023/0331/c186331-40358930.html请求成功，保存完毕
2023-06-09 14:23:32,206 INFO:http://sn.people.com.cn/n2/2023/0330/c186331-40357414.html请求成功，保存完毕
2023-06-09 14:23:32,506 INFO:http://sn.people.com.cn/n2/2023/0329/c378291-40355882.html请求成功，保存完毕
2023-06-09 14:23:32,733 INFO:http://sn.people.com.cn/n2/2023/0329/c378291-40355730.html请求成功，保存完毕
2023-06-09 14:23:33,023 INFO:http://sn.people.com.cn/n2/2023/0329/c378288-40355726.html请求成功，保存完毕
2023-06-09 14:23:33,281 INFO:http://sn.people.com.cn/n2/2023/0328/c186331-40354059.html请求成功，保存完毕
2023-06-09 14:23:33,515 INFO:http://sn.people.com.cn/n2/2023/0131/c186331-40283345.html请求成功，保存完毕
2023-06-09 14:23:33,723 INFO:http://sn.people.com.cn/n2/2023/0130/c186331-40281910.html请求成功，保存完毕
2023-06-09 14:23:34,000 INFO:http://sn.people.com.cn/n2/2023/0118/c186331-40272045.html请求成功，保存完毕
2023-06-09 14:23:34,306 INFO:http://sn.people.com.cn/n2/2023/0118/c186331-40272032.html请求成功，保存完毕
2023-06-09 14:23:34,553 INFO:http://sn.people.com.cn/n2/2023/0113/c186331-40265310.html请求成功，保存完毕
2023-06-09 14:23:34,798 INFO:http://sn.people.com.cn/n2/2023/0111/c378291-40262386.html请求成功，保存完毕
2023-06-09 14:23:35,083 INFO:http://sn.people.com.cn/n2/2023/0111/c186331-40262087.html请求成功，保存完毕
2023-06-09 14:23:35,337 INFO:http://sn.people.com.cn/n2/2023/0109/c186331-40259134.html请求成功，保存完毕
2023-06-09 14:23:35,561 INFO:http://sn.people.com.cn/n2/2023/0109/c186331-40259135.html请求成功，保存完毕
2023-06-09 14:23:35,774 INFO:http://sn.people.com.cn/n2/2023/0108/c186331-40258269.html请求成功，保存完毕
2023-06-09 14:23:36,063 INFO:http://sn.people.com.cn/n2/2023/0107/c186331-40257640.html请求成功，保存完毕
2023-06-09 14:23:36,318 INFO:http://sn.people.com.cn/n2/2023/0106/c378291-40256586.html请求成功，保存完毕
2023-06-09 14:23:36,539 INFO:http://sn.people.com.cn/n2/2023/0106/c186331-40256366.html请求成功，保存完毕
2023-06-09 14:23:36,795 INFO:http://sn.people.com.cn/n2/2023/0106/c186331-40256362.html请求成功，保存完毕
2023-06-09 14:23:37,022 INFO:http://sn.people.com.cn/n2/2023/0106/c186331-40256353.html请求成功，保存完毕
2023-06-09 14:23:37,287 INFO:http://sn.people.com.cn/n2/2022/1223/c378288-40240862.html请求成功，保存完毕
2023-06-09 14:23:37,584 INFO:http://sn.people.com.cn/n2/2022/1031/c186331-40175347.html请求成功，保存完毕
2023-06-09 14:23:42,555 INFO:http://sn.people.com.cn/n2/2022/1031/c186331-40175211.html请求成功，保存完毕
2023-06-09 14:23:47,591 INFO:http://sn.people.com.cn/n2/2022/1028/c186331-40172561.html请求成功，保存完毕
2023-06-09 14:23:47,917 INFO:http://sn.people.com.cn/n2/2022/1028/c186331-40172547.html请求成功，保存完毕
2023-06-09 14:23:48,235 INFO:http://sn.people.com.cn/n2/2022/1010/c378291-40154746.html请求成功，保存完毕
2023-06-09 14:23:48,461 INFO:http://sn.people.com.cn/n2/2022/1009/c378291-40153652.html请求成功，保存完毕
2023-06-09 14:23:48,736 INFO:http://sn.people.com.cn/n2/2022/1009/c378287-40153210.html请求成功，保存完毕
2023-06-09 14:23:49,008 INFO:http://sn.people.com.cn/n2/2022/1008/c186331-40152177.html请求成功，保存完毕
2023-06-09 14:23:49,210 INFO:http://sn.people.com.cn/n2/2022/1008/c378287-40151951.html请求成功，保存完毕
2023-06-09 14:23:49,451 INFO:http://sn.people.com.cn/n2/2022/1008/c378287-40151950.html请求成功，保存完毕
2023-06-09 14:23:49,679 INFO:http://sn.people.com.cn/n2/2022/1006/c186331-40150782.html请求成功，保存完毕
2023-06-09 14:23:49,886 INFO:http://sn.people.com.cn/n2/2022/0730/c378291-40060589.html请求成功，保存完毕
2023-06-09 14:23:50,104 INFO:http://sn.people.com.cn/n2/2022/0727/c186331-40055097.html请求成功，保存完毕
2023-06-09 14:23:50,345 INFO:http://sn.people.com.cn/n2/2022/0725/c186331-40052830.html请求成功，保存完毕
2023-06-09 14:23:50,603 INFO:http://sn.people.com.cn/n2/2022/0724/c186331-40051212.html请求成功，保存完毕
2023-06-09 14:23:50,833 INFO:http://sn.people.com.cn/n2/2022/0721/c186331-40047656.html请求成功，保存完毕
2023-06-09 14:23:51,119 INFO:http://sn.people.com.cn/n2/2022/0720/c186331-40045037.html请求成功，保存完毕
2023-06-09 14:23:51,467 INFO:http://sn.people.com.cn/n2/2022/0720/c186331-40045029.html请求成功，保存完毕
2023-06-09 14:23:51,761 INFO:http://sn.people.com.cn/n2/2022/0719/c186331-40043738.html请求成功，保存完毕
2023-06-09 14:23:57,755 INFO:http://sn.people.com.cn/n2/2022/0713/c378291-40035804.html请求成功，保存完毕
2023-06-09 14:23:57,996 INFO:http://sn.people.com.cn/n2/2022/0711/c378291-40032436.html请求成功，保存完毕
2023-06-09 14:23:58,298 INFO:http://sn.people.com.cn/n2/2022/0708/c186331-40029318.html请求成功，保存完毕
2023-06-09 14:23:58,544 INFO:http://sn.people.com.cn/n2/2022/0707/c378291-40028064.html请求成功，保存完毕
2023-06-09 14:24:04,412 INFO:http://sn.people.com.cn/n2/2022/0707/c378291-40028061.html请求成功，保存完毕
2023-06-09 14:24:09,841 INFO:http://sn.people.com.cn/n2/2022/0705/c186331-40023999.html请求成功，保存完毕
2023-06-09 14:24:10,130 INFO:http://sn.people.com.cn/n2/2022/0701/c186331-40019132.html请求成功，保存完毕
2023-06-09 14:24:10,359 INFO:http://sn.people.com.cn/n2/2022/0428/c378291-35245012.html请求成功，保存完毕
2023-06-09 14:24:10,706 INFO:http://sn.people.com.cn/n2/2022/0427/c226647-35244056.html请求成功，保存完毕
2023-06-09 14:24:10,980 INFO:http://sn.people.com.cn/n2/2023/0206/c226647-40290494.html请求成功，保存完毕
2023-06-09 14:24:11,138 INFO:http://leaders.people.com.cn/GB/178291/218130/448966/448987/448989/index.html
请求失败
2023-06-09 14:24:16,380 INFO:http://liuyan.people.com.cn/threads/content?tid=17363419
请求成功，保存完毕
2023-06-09 14:24:16,521 INFO:http://liuyan.people.com.cn/threads/content?tid=17275563
请求成功，保存完毕
2023-06-09 14:24:16,784 INFO:http://leaders.people.com.cn/n1/2023/0112/c58278-32605325.html
请求成功，保存完毕
2023-06-09 14:24:17,046 INFO:http://sn.people.com.cn/GB/378288/请求成功，保存完毕
2023-06-09 14:24:17,219 INFO:http://sn.people.com.cn/n2/2023/0608/c186331-40449192.html请求成功，保存完毕
2023-06-09 14:24:22,878 INFO:http://sn.people.com.cn/n2/2023/0608/c378288-40448904.html请求成功，保存完毕
2023-06-09 14:24:23,085 INFO:http://sn.people.com.cn/n2/2023/0608/c186331-40448890.html请求成功，保存完毕
2023-06-09 14:24:23,386 INFO:http://sn.people.com.cn/n2/2023/0608/c378288-40448859.html请求成功，保存完毕
2023-06-09 14:24:23,667 INFO:http://sn.people.com.cn/n2/2023/0608/c378288-40448804.html请求成功，保存完毕
2023-06-09 14:24:24,107 INFO:http://sn.people.com.cn/n2/2023/0607/c378288-40447726.html请求成功，保存完毕
2023-06-09 14:24:24,336 INFO:http://sn.people.com.cn/n2/2023/0607/c378288-40447172.html请求成功，保存完毕
2023-06-09 14:24:24,561 INFO:http://sn.people.com.cn/n2/2023/0607/c378288-40447148.html请求成功，保存完毕
2023-06-09 14:24:24,812 INFO:http://sn.people.com.cn/n2/2023/0607/c378288-40447133.html请求成功，保存完毕
2023-06-09 14:24:25,057 INFO:http://sn.people.com.cn/n2/2023/0607/c378288-40447130.html请求成功，保存完毕
2023-06-09 14:24:25,326 INFO:http://sn.people.com.cn/n2/2023/0607/c378288-40447122.html请求成功，保存完毕
2023-06-09 14:24:25,548 INFO:http://sn.people.com.cn/n2/2023/0606/c378288-40445545.html请求成功，保存完毕
2023-06-09 14:24:25,765 INFO:http://sn.people.com.cn/n2/2023/0606/c378288-40445531.html请求成功，保存完毕
2023-06-09 14:24:25,962 INFO:http://sn.people.com.cn/n2/2023/0606/c378288-40445521.html请求成功，保存完毕
2023-06-09 14:24:26,221 INFO:http://sn.people.com.cn/n2/2023/0606/c378288-40445493.html请求成功，保存完毕
2023-06-09 14:24:26,471 INFO:http://sn.people.com.cn/n2/2023/0606/c378288-40445483.html请求成功，保存完毕
2023-06-09 14:24:26,736 INFO:http://sn.people.com.cn/n2/2023/0606/c378288-40445445.html请求成功，保存完毕
2023-06-09 14:24:26,971 INFO:http://sn.people.com.cn/n2/2023/0606/c378288-40445442.html请求成功，保存完毕
2023-06-09 14:24:27,105 INFO:http://sn.people.com.cn/n2/2023/0605/c378288-40443963.html请求成功，保存完毕
2023-06-09 14:24:27,378 INFO:http://sn.people.com.cn/n2/2023/0605/c378288-40443956.html请求成功，保存完毕
2023-06-09 14:24:27,583 INFO:http://sn.people.com.cn/n2/2023/0605/c378288-40443955.html请求成功，保存完毕
2023-06-09 14:24:27,790 INFO:http://sn.people.com.cn/n2/2023/0605/c378288-40443930.html请求成功，保存完毕
2023-06-09 14:24:27,994 INFO:http://sn.people.com.cn/n2/2023/0605/c378288-40443922.html请求成功，保存完毕
2023-06-09 14:24:28,206 INFO:http://sn.people.com.cn/n2/2023/0604/c378288-40443420.html请求成功，保存完毕
2023-06-09 14:24:28,435 INFO:http://sn.people.com.cn/n2/2023/0604/c378288-40443386.html请求成功，保存完毕
2023-06-09 14:24:28,732 INFO:http://sn.people.com.cn/n2/2023/0604/c378288-40443383.html请求成功，保存完毕
2023-06-09 14:24:28,987 INFO:http://sn.people.com.cn/n2/2023/0604/c378288-40443377.html请求成功，保存完毕
2023-06-09 14:24:29,208 INFO:http://sn.people.com.cn/n2/2023/0603/c378288-40442820.html请求成功，保存完毕
2023-06-09 14:24:29,445 INFO:http://sn.people.com.cn/n2/2023/0603/c378288-40442814.html请求成功，保存完毕
2023-06-09 14:24:29,747 INFO:http://sn.people.com.cn/n2/2023/0603/c378288-40442812.html请求成功，保存完毕
2023-06-09 14:24:30,044 INFO:http://sn.people.com.cn/n2/2023/0603/c378288-40442810.html请求成功，保存完毕
2023-06-09 14:24:30,283 INFO:http://sn.people.com.cn/n2/2023/0526/c186331-40431404.html请求成功，保存完毕
2023-06-09 14:24:30,688 INFO:http://sn.people.com.cn/n2/2021/0618/c186331-34782310.html请求失败
2023-06-09 14:24:35,959 INFO:http://sn.people.com.cn/GB/378288/378344/请求成功，保存完毕
2023-06-09 14:24:36,171 INFO:http://sn.people.com.cn/n2/2023/0104/c186331-40253536.html请求成功，保存完毕
2023-06-09 14:24:36,493 INFO:http://sn.people.com.cn/n2/2022/0706/c378288-40025826.html请求成功，保存完毕
2023-06-09 14:24:36,771 INFO:http://sn.people.com.cn/n2/2022/0418/c378303-35227797.html请求成功，保存完毕
2023-06-09 14:24:37,097 INFO:http://sn.people.com.cn/n2/2022/0410/c378344-35215458.html请求成功，保存完毕
2023-06-09 14:24:37,349 INFO:http://sn.people.com.cn/n2/2021/1005/c378344-34943914.html请求成功，保存完毕
2023-06-09 14:24:37,690 INFO:http://sn.people.com.cn/n2/2021/0927/c186331-34932827.html请求失败
2023-06-09 14:24:43,383 INFO:http://sn.people.com.cn/n2/2021/0926/c378344-34931137.html请求成功，保存完毕
2023-06-09 14:24:43,674 INFO:http://sn.people.com.cn/n2/2021/0926/c378344-34931059.html请求成功，保存完毕
2023-06-09 14:24:43,950 INFO:http://sn.people.com.cn/n2/2021/0824/c378344-34880771.html请求成功，保存完毕
2023-06-09 14:24:44,293 INFO:http://sn.people.com.cn/n2/2021/0724/c378344-34835158.html请求成功，保存完毕
2023-06-09 14:24:44,611 INFO:http://sn.people.com.cn/n2/2021/0719/c378288-34826813.html请求成功，保存完毕
2023-06-09 14:24:44,838 INFO:http://sn.people.com.cn/n2/2021/0629/c378288-34798993.html请求失败
2023-06-09 14:24:50,064 INFO:http://sn.people.com.cn/n2/2021/0603/c378288-34759277.html请求成功，保存完毕
2023-06-09 14:24:55,738 INFO:http://sn.people.com.cn/n2/2021/0527/c378344-34747857.html请求成功，保存完毕
2023-06-09 14:25:01,428 INFO:http://sn.people.com.cn/n2/2021/0518/c378344-34731105.html请求成功，保存完毕
2023-06-09 14:25:06,592 INFO:http://sn.people.com.cn/n2/2021/0429/c378288-34702489.html请求失败
2023-06-09 14:25:11,635 INFO:http://sn.people.com.cn/n2/2021/0414/c378288-34674269.html请求成功，保存完毕
2023-06-09 14:25:16,635 INFO:http://sn.people.com.cn/n2/2021/0331/c378288-34650178.html请求成功，保存完毕
2023-06-09 14:25:21,570 INFO:http://sn.people.com.cn/n2/2021/0210/c378288-34574298.html请求成功，保存完毕
2023-06-09 14:25:26,996 INFO:http://sn.people.com.cn/n2/2020/1231/c378288-34505177.html请求成功，保存完毕
2023-06-09 14:25:32,710 INFO:http://sn.people.com.cn/n2/2020/1230/c378288-34502422.html请求成功，保存完毕
2023-06-09 14:25:38,348 INFO:http://sn.people.com.cn/n2/2020/1230/c378288-34502420.html请求成功，保存完毕
2023-06-09 14:25:43,392 INFO:http://sn.people.com.cn/n2/2020/1228/c378288-34497401.html请求成功，保存完毕
2023-06-09 14:25:48,630 INFO:http://sn.people.com.cn/n2/2020/1223/c378288-34488980.html请求成功，保存完毕
2023-06-09 14:25:54,225 INFO:http://sn.people.com.cn/n2/2020/1204/c378288-34456290.html请求成功，保存完毕
2023-06-09 14:25:59,643 INFO:http://sn.people.com.cn/n2/2020/1120/c378288-34426550.html请求成功，保存完毕
2023-06-09 14:26:04,980 INFO:http://sn.people.com.cn/n2/2020/1015/c378344-34351784.html请求成功，保存完毕
2023-06-09 14:26:10,389 INFO:http://sn.people.com.cn/n2/2020/0917/c378288-34297218.html请求成功，保存完毕
2023-06-09 14:26:15,610 INFO:http://sn.people.com.cn/n2/2020/0831/c378288-34260554.html请求失败
2023-06-09 14:26:21,241 INFO:http://sn.people.com.cn/n2/2020/0819/c378288-34235858.html请求成功，保存完毕
2023-06-09 14:26:26,307 INFO:http://sn.people.com.cn/n2/2020/0818/c378288-34233495.html请求失败
2023-06-09 14:26:31,909 INFO:http://sn.people.com.cn/n2/2020/0814/c378288-34225681.html请求成功，保存完毕
2023-06-09 14:26:37,345 INFO:http://sn.people.com.cn/GB/378288/378347/请求成功，保存完毕
2023-06-09 14:26:37,548 INFO:http://sn.people.com.cn/n2/2022/1026/c378347-40169878.html请求成功，保存完毕
2023-06-09 14:26:37,814 INFO:http://sn.people.com.cn/n2/2022/1008/c378288-40152188.html请求成功，保存完毕
2023-06-09 14:26:38,166 INFO:http://sn.people.com.cn/n2/2022/0414/c378347-35222294.html请求成功，保存完毕
2023-06-09 14:26:38,508 INFO:http://sn.people.com.cn/n2/2022/0119/c378288-35101919.html请求成功，保存完毕
2023-06-09 14:26:38,867 INFO:http://sn.people.com.cn/n2/2021/0927/c186331-34932832.html请求成功，保存完毕
2023-06-09 14:26:44,245 INFO:http://sn.people.com.cn/n2/2021/0825/c226647-34883632.html请求成功，保存完毕
2023-06-09 14:26:44,587 INFO:http://sn.people.com.cn/n2/2021/0814/c378347-34867071.html请求成功，保存完毕
2023-06-09 14:26:44,865 INFO:http://sn.people.com.cn/n2/2021/0813/c378347-34865487.html请求成功，保存完毕
2023-06-09 14:26:45,166 INFO:http://sn.people.com.cn/n2/2021/0725/c378347-34835917.html请求成功，保存完毕
2023-06-09 14:26:45,574 INFO:http://sn.people.com.cn/n2/2021/0530/c378347-34751764.html请求成功，保存完毕
2023-06-09 14:26:50,779 INFO:http://sn.people.com.cn/n2/2021/0128/c378288-34551750.html请求成功，保存完毕
2023-06-09 14:26:56,141 INFO:http://sn.people.com.cn/n2/2021/0118/c378347-34534376.html请求成功，保存完毕
2023-06-09 14:27:01,106 INFO:http://sn.people.com.cn/n2/2021/0113/c378288-34524961.html请求成功，保存完毕
2023-06-09 14:27:06,509 INFO:http://sn.people.com.cn/n2/2021/0111/c378288-34521176.html请求成功，保存完毕
2023-06-09 14:27:12,034 INFO:http://sn.people.com.cn/n2/2020/1231/c378288-34505181.html请求成功，保存完毕
2023-06-09 14:27:17,816 INFO:http://sn.people.com.cn/n2/2020/1223/c378288-34488948.html请求成功，保存完毕
2023-06-09 14:27:23,347 INFO:http://sn.people.com.cn/n2/2020/1012/c378288-34342856.html请求成功，保存完毕
2023-06-09 14:27:28,961 INFO:http://sn.people.com.cn/n2/2020/0930/c378288-34327551.html请求成功，保存完毕
2023-06-09 14:27:34,696 INFO:http://sn.people.com.cn/n2/2020/0812/c378288-34220160.html请求成功，保存完毕
2023-06-09 14:27:39,667 INFO:http://sn.people.com.cn/GB/378288/378350/请求成功，保存完毕
2023-06-09 14:27:39,890 INFO:http://sn.people.com.cn/n2/2022/1014/c378350-40160540.html请求成功，保存完毕
2023-06-09 14:27:40,091 INFO:http://sn.people.com.cn/n2/2022/0708/c378288-40029599.html请求成功，保存完毕
2023-06-09 14:27:40,438 INFO:http://sn.people.com.cn/n2/2022/0402/c378313-35205085.html请求成功，保存完毕
2023-06-09 14:27:40,740 INFO:http://sn.people.com.cn/n2/2021/0824/c378350-34880745.html请求成功，保存完毕
2023-06-09 14:27:41,041 INFO:http://sn.people.com.cn/n2/2021/0711/c378350-34814678.html请求成功，保存完毕
2023-06-09 14:27:41,273 INFO:http://sn.people.com.cn/n2/2021/0707/c378288-34808741.html请求失败
2023-06-09 14:27:46,852 INFO:http://sn.people.com.cn/n2/2021/0618/c378350-34781982.html请求失败
2023-06-09 14:27:52,204 INFO:http://sn.people.com.cn/n2/2021/0526/c378350-34745042.html请求失败
2023-06-09 14:27:57,928 INFO:http://sn.people.com.cn/n2/2021/0428/c378350-34700126.html请求成功，保存完毕
2023-06-09 14:28:03,202 INFO:http://sn.people.com.cn/n2/2021/0418/c378288-34680823.html请求成功，保存完毕
2023-06-09 14:28:08,565 INFO:http://sn.people.com.cn/n2/2021/0415/c378288-34675908.html请求成功，保存完毕
2023-06-09 14:28:13,543 INFO:http://sn.people.com.cn/n2/2021/0318/c378288-34626800.html请求成功，保存完毕
2023-06-09 14:28:18,664 INFO:http://sn.people.com.cn/n2/2021/0201/c378288-34557462.html请求成功，保存完毕
2023-06-09 14:28:23,979 INFO:http://sn.people.com.cn/n2/2021/0118/c378288-34533505.html请求成功，保存完毕
2023-06-09 14:28:29,011 INFO:http://sn.people.com.cn/n2/2021/0118/c378288-34532747.html请求成功，保存完毕
2023-06-09 14:28:34,593 INFO:http://sn.people.com.cn/n2/2021/0114/c378288-34526909.html请求失败
2023-06-09 14:28:40,044 INFO:http://sn.people.com.cn/n2/2020/1213/c378288-34471189.html请求成功，保存完毕
2023-06-09 14:28:45,375 INFO:http://sn.people.com.cn/n2/2020/1119/c378288-34424059.html请求失败
2023-06-09 14:28:50,404 INFO:http://sn.people.com.cn/n2/2020/1015/c378288-34350507.html请求成功，保存完毕
2023-06-09 14:28:55,946 INFO:http://sn.people.com.cn/n2/2020/0925/c378350-34318158.html请求成功，保存完毕
2023-06-09 14:29:01,468 INFO:http://sn.people.com.cn/n2/2020/0823/c378350-34245337.html请求成功，保存完毕
2023-06-09 14:29:06,817 INFO:http://sn.people.com.cn/n2/2020/0821/c378288-34241238.html请求失败
2023-06-09 14:29:11,965 INFO:http://sn.people.com.cn/n2/2020/0820/c378288-34238616.html请求失败
2023-06-09 14:29:17,368 INFO:http://sn.people.com.cn/n2/2020/0806/c378288-34208074.html请求失败
2023-06-09 14:29:22,708 INFO:http://sn.people.com.cn/n2/2020/0805/c378288-34205489.html请求失败
2023-06-09 14:29:28,076 INFO:http://sn.people.com.cn/GB/378288/378349/请求成功，保存完毕
2023-06-09 14:29:28,317 INFO:http://sn.people.com.cn/n2/2023/0301/c378288-40320070.html请求成功，保存完毕
2023-06-09 14:29:28,531 INFO:http://sn.people.com.cn/n2/2023/0112/c186331-40263999.html请求成功，保存完毕
2023-06-09 14:29:28,940 INFO:http://sn.people.com.cn/n2/2022/1010/c186331-40154685.html请求成功，保存完毕
2023-06-09 14:29:29,173 INFO:http://sn.people.com.cn/n2/2022/1009/c378349-40153344.html请求成功，保存完毕
2023-06-09 14:29:29,388 INFO:http://sn.people.com.cn/n2/2022/1008/c378349-40152204.html请求成功，保存完毕
2023-06-09 14:29:29,682 INFO:http://sn.people.com.cn/n2/2022/0720/c378288-40045939.html请求成功，保存完毕
2023-06-09 14:29:29,956 INFO:http://sn.people.com.cn/n2/2022/0704/c186331-40022829.html请求成功，保存完毕
2023-06-09 14:29:30,304 INFO:http://sn.people.com.cn/n2/2022/0412/c378349-35218489.html请求成功，保存完毕
2023-06-09 14:29:30,543 INFO:http://sn.people.com.cn/n2/2022/0215/c378349-35134223.html请求成功，保存完毕
2023-06-09 14:29:30,851 INFO:http://sn.people.com.cn/n2/2022/0121/c398056-35105526.html请求成功，保存完毕
2023-06-09 14:29:31,136 INFO:http://sn.people.com.cn/n2/2022/0119/c378288-35101910.html请求成功，保存完毕
2023-06-09 14:29:31,391 INFO:http://sn.people.com.cn/n2/2021/1209/c186331-35042446.html请求成功，保存完毕
2023-06-09 14:29:36,790 INFO:http://sn.people.com.cn/n2/2021/1207/c378289-35038866.html请求失败
2023-06-09 14:29:42,107 INFO:http://sn.people.com.cn/n2/2021/1012/c186331-34952468.html请求成功，保存完毕
2023-06-09 14:29:47,159 INFO:http://sn.people.com.cn/n2/2021/1012/c186331-34952449.html请求成功，保存完毕
2023-06-09 14:29:52,628 INFO:http://sn.people.com.cn/n2/2021/1011/c186331-34950786.html请求成功，保存完毕
2023-06-09 14:29:58,220 INFO:http://sn.people.com.cn/n2/2021/0908/c186331-34904257.html请求成功，保存完毕
2023-06-09 14:29:58,505 INFO:http://sn.people.com.cn/n2/2021/0826/c378349-34884531.html请求成功，保存完毕
2023-06-09 14:29:58,785 INFO:http://sn.people.com.cn/n2/2021/0813/c378349-34865484.html请求成功，保存完毕
2023-06-09 14:29:59,085 INFO:http://sn.people.com.cn/n2/2021/0728/c378288-34840861.html请求成功，保存完毕
2023-06-09 14:29:59,381 INFO:http://sn.people.com.cn/n2/2021/0705/c378288-34806076.html请求成功，保存完毕
2023-06-09 14:29:59,584 INFO:http://sn.people.com.cn/n2/2021/0629/c378288-34799134.html请求成功，保存完毕
2023-06-09 14:30:05,145 INFO:http://sn.people.com.cn/n2/2021/0624/c378349-34791644.html请求成功，保存完毕
2023-06-09 14:30:10,485 INFO:http://sn.people.com.cn/n2/2021/0619/c378349-34783743.html请求成功，保存完毕
2023-06-09 14:30:15,925 INFO:http://sn.people.com.cn/n2/2021/0602/c378289-34757254.html请求成功，保存完毕
2023-06-09 14:30:20,977 INFO:http://sn.people.com.cn/n2/2021/0526/c378288-34745239.html请求成功，保存完毕
2023-06-09 14:30:26,176 INFO:http://sn.people.com.cn/n2/2021/0420/c378288-34683768.html请求成功，保存完毕
2023-06-09 14:30:31,351 INFO:http://sn.people.com.cn/n2/2021/0402/c378288-34654806.html请求成功，保存完毕
2023-06-09 14:30:36,497 INFO:http://sn.people.com.cn/n2/2021/0331/c378349-34651420.html请求成功，保存完毕
2023-06-09 14:30:42,034 INFO:http://sn.people.com.cn/n2/2021/0330/c378288-34647704.html请求成功，保存完毕
2023-06-09 14:30:47,757 INFO:http://sn.people.com.cn/n2/2021/0325/c378288-34639622.html请求成功，保存完毕
2023-06-09 14:30:53,259 INFO:http://sn.people.com.cn/n2/2021/0311/c378288-34615317.html请求成功，保存完毕
2023-06-09 14:30:58,630 INFO:http://sn.people.com.cn/n2/2021/0221/c378288-34585657.html请求成功，保存完毕
2023-06-09 14:31:04,132 INFO:http://sn.people.com.cn/n2/2021/0116/c378288-34531195.html请求成功，保存完毕
2023-06-09 14:31:09,715 INFO:http://sn.people.com.cn/n2/2021/0112/c378288-34522917.html请求成功，保存完毕
2023-06-09 14:31:14,882 INFO:http://sn.people.com.cn/n2/2021/0111/c378288-34521178.html请求成功，保存完毕
2023-06-09 14:31:19,885 INFO:http://sn.people.com.cn/n2/2020/1210/c378288-34465661.html请求成功，保存完毕
2023-06-09 14:31:25,202 INFO:http://sn.people.com.cn/n2/2020/1205/c378288-34457412.html请求成功，保存完毕
2023-06-09 14:31:30,991 INFO:http://sn.people.com.cn/GB/378288/378346/请求成功，保存完毕
2023-06-09 14:31:31,245 INFO:http://sn.people.com.cn/n2/2023/0329/c186331-40355562.html请求成功，保存完毕
2023-06-09 14:31:31,501 INFO:http://sn.people.com.cn/n2/2023/0128/c378288-40279548.html请求成功，保存完毕
2023-06-09 14:31:31,774 INFO:http://sn.people.com.cn/n2/2023/0107/c378288-40257696.html请求成功，保存完毕
2023-06-09 14:31:32,109 INFO:http://sn.people.com.cn/n2/2022/1031/c378346-40175274.html请求成功，保存完毕
2023-06-09 14:31:32,425 INFO:http://sn.people.com.cn/n2/2022/1014/c378346-40160535.html请求成功，保存完毕
2023-06-09 14:31:32,768 INFO:http://sn.people.com.cn/n2/2022/1013/c186331-40158974.html请求成功，保存完毕
2023-06-09 14:31:33,045 INFO:http://sn.people.com.cn/n2/2022/1011/c378346-40156221.html请求成功，保存完毕
2023-06-09 14:31:33,348 INFO:http://sn.people.com.cn/n2/2022/1006/c378346-40150825.html请求成功，保存完毕
2023-06-09 14:31:33,689 INFO:http://sn.people.com.cn/n2/2022/0729/c186331-40059157.html请求成功，保存完毕
2023-06-09 14:31:33,973 INFO:http://sn.people.com.cn/n2/2022/0715/c186331-40039318.html请求成功，保存完毕
2023-06-09 14:31:34,235 INFO:http://sn.people.com.cn/n2/2022/0712/c378288-40033990.html请求成功，保存完毕
2023-06-09 14:31:34,545 INFO:http://sn.people.com.cn/n2/2022/0429/c393584-35247136.html请求成功，保存完毕
2023-06-09 14:31:34,898 INFO:http://sn.people.com.cn/n2/2022/0423/c186331-35236717.html请求成功，保存完毕
2023-06-09 14:31:35,271 INFO:http://sn.people.com.cn/n2/2022/0415/c378346-35224421.html请求成功，保存完毕
2023-06-09 14:31:35,590 INFO:http://sn.people.com.cn/n2/2022/0411/c378346-35216833.html请求成功，保存完毕
2023-06-09 14:31:35,887 INFO:http://sn.people.com.cn/n2/2022/0403/c378346-35206911.html请求成功，保存完毕
2023-06-09 14:31:36,200 INFO:http://sn.people.com.cn/n2/2022/0214/c378346-35133260.html请求失败
2023-06-09 14:31:41,346 INFO:http://sn.people.com.cn/n2/2021/1126/c378346-35024124.html请求成功，保存完毕
2023-06-09 14:31:41,639 INFO:http://sn.people.com.cn/n2/2021/1113/c378346-35003788.html请求成功，保存完毕
2023-06-09 14:31:41,891 INFO:http://sn.people.com.cn/n2/2021/1113/c378289-35003556.html请求成功，保存完毕
2023-06-09 14:31:42,205 INFO:http://sn.people.com.cn/n2/2021/1007/c378288-34945299.html请求成功，保存完毕
2023-06-09 14:31:42,559 INFO:http://sn.people.com.cn/n2/2021/1005/c378346-34943908.html请求成功，保存完毕
2023-06-09 14:31:42,865 INFO:http://sn.people.com.cn/n2/2021/1003/c378346-34942542.html请求成功，保存完毕
2023-06-09 14:31:43,297 INFO:http://sn.people.com.cn/n2/2021/0920/c378346-34922732.html请求成功，保存完毕
2023-06-09 14:31:43,627 INFO:http://sn.people.com.cn/n2/2021/0825/c378346-34882803.html请求成功，保存完毕
2023-06-09 14:31:43,895 INFO:http://sn.people.com.cn/n2/2021/0824/c378289-34880692.html请求成功，保存完毕
2023-06-09 14:31:44,238 INFO:http://sn.people.com.cn/n2/2021/0711/c378346-34814687.html请求成功，保存完毕
2023-06-09 14:31:44,564 INFO:http://sn.people.com.cn/n2/2021/0707/c378346-34810126.html请求成功，保存完毕
2023-06-09 14:31:44,920 INFO:http://sn.people.com.cn/n2/2021/0706/c190197-34807365.html请求成功，保存完毕
2023-06-09 14:31:50,634 INFO:http://sn.people.com.cn/n2/2021/0702/c378288-34803477.html请求成功，保存完毕
2023-06-09 14:31:50,939 INFO:http://sn.people.com.cn/n2/2021/0702/c378288-34803474.html请求成功，保存完毕
2023-06-09 14:31:51,243 INFO:http://sn.people.com.cn/n2/2021/0702/c378289-34803416.html请求成功，保存完毕
2023-06-09 14:31:51,707 INFO:http://sn.people.com.cn/n2/2021/0616/c378288-34778661.html请求成功，保存完毕
2023-06-09 14:31:57,104 INFO:http://sn.people.com.cn/n2/2021/0606/c378288-34763126.html请求失败
2023-06-09 14:32:02,415 INFO:http://sn.people.com.cn/n2/2021/0603/c186331-34759359.html请求成功，保存完毕
2023-06-09 14:32:07,439 INFO:http://sn.people.com.cn/n2/2021/0602/c186331-34757014.html请求成功，保存完毕
2023-06-09 14:32:12,875 INFO:http://sn.people.com.cn/n2/2021/0528/c378346-34749728.html请求成功，保存完毕
2023-06-09 14:32:18,048 INFO:http://sn.people.com.cn/n2/2021/0527/c378346-34747864.html请求成功，保存完毕
2023-06-09 14:32:23,443 INFO:http://sn.people.com.cn/n2/2021/0526/c378288-34745236.html请求成功，保存完毕
2023-06-09 14:32:28,980 INFO:http://sn.people.com.cn/n2/2021/0502/c378289-34707057.html请求成功，保存完毕
2023-06-09 14:32:34,496 INFO:http://sn.people.com.cn/n2/2021/0402/c378288-34654673.html请求成功，保存完毕
2023-06-09 14:32:39,903 INFO:http://sn.people.com.cn/n2/2021/0311/c378288-34615265.html请求失败
2023-06-09 14:32:45,530 INFO:http://sn.people.com.cn/n2/2021/0310/c226647-34613735.html请求成功，保存完毕
2023-06-09 14:32:50,901 INFO:http://sn.people.com.cn/n2/2021/0107/c378288-34515062.html请求成功，保存完毕
2023-06-09 14:32:56,019 INFO:http://sn.people.com.cn/n2/2020/1218/c378288-34480947.html请求成功，保存完毕
2023-06-09 14:33:00,930 INFO:http://sn.people.com.cn/n2/2020/1126/c378288-34438225.html请求成功，保存完毕
2023-06-09 14:33:06,104 INFO:http://sn.people.com.cn/n2/2020/1119/c378288-34424060.html请求成功，保存完毕
2023-06-09 14:33:11,335 INFO:http://sn.people.com.cn/n2/2020/1105/c378346-34397345.html请求成功，保存完毕
2023-06-09 14:33:16,315 INFO:http://sn.people.com.cn/n2/2020/1018/c378288-34356736.html请求成功，保存完毕
2023-06-09 14:33:21,791 INFO:http://sn.people.com.cn/GB/378288/378345/请求成功，保存完毕
2023-06-09 14:33:21,998 INFO:http://sn.people.com.cn/n2/2023/0328/c378288-40354280.html请求成功，保存完毕
2023-06-09 14:33:22,211 INFO:http://sn.people.com.cn/n2/2023/0326/c378288-40351794.html请求成功，保存完毕
2023-06-09 14:33:22,472 INFO:http://sn.people.com.cn/n2/2023/0106/c378288-40256462.html请求成功，保存完毕
2023-06-09 14:33:22,713 INFO:http://sn.people.com.cn/n2/2022/1010/c186331-40154691.html请求成功，保存完毕
2023-06-09 14:33:22,960 INFO:http://sn.people.com.cn/n2/2022/0816/c186331-40082180.html请求成功，保存完毕
2023-06-09 14:33:23,209 INFO:http://sn.people.com.cn/n2/2022/0730/c186331-40060559.html请求成功，保存完毕
2023-06-09 14:33:23,474 INFO:http://sn.people.com.cn/n2/2022/0728/c378288-40057506.html请求成功，保存完毕
2023-06-09 14:33:23,692 INFO:http://sn.people.com.cn/n2/2022/0719/c186331-40044013.html请求成功，保存完毕
2023-06-09 14:33:23,946 INFO:http://sn.people.com.cn/n2/2022/0712/c186331-40034060.html请求成功，保存完毕
2023-06-09 14:33:24,245 INFO:http://sn.people.com.cn/n2/2022/0712/c378288-40033950.html请求成功，保存完毕
2023-06-09 14:33:24,464 INFO:http://sn.people.com.cn/n2/2022/0708/c186331-40029615.html请求成功，保存完毕
2023-06-09 14:33:24,810 INFO:http://sn.people.com.cn/n2/2022/0704/c378345-40022602.html请求成功，保存完毕
2023-06-09 14:33:25,142 INFO:http://sn.people.com.cn/n2/2022/0701/c378288-40019270.html请求成功，保存完毕
2023-06-09 14:33:25,474 INFO:http://sn.people.com.cn/n2/2022/0414/c186331-35222450.html请求成功，保存完毕
2023-06-09 14:33:25,791 INFO:http://sn.people.com.cn/n2/2022/0402/c378345-35205246.html请求成功，保存完毕
2023-06-09 14:33:26,098 INFO:http://sn.people.com.cn/n2/2022/0220/c378288-35141724.html请求成功，保存完毕
2023-06-09 14:33:26,406 INFO:http://sn.people.com.cn/n2/2022/0219/c378288-35141123.html请求成功，保存完毕
2023-06-09 14:33:26,696 INFO:http://sn.people.com.cn/n2/2022/0214/c378345-35133252.html请求成功，保存完毕
2023-06-09 14:33:27,023 INFO:http://sn.people.com.cn/n2/2022/0202/c378345-35121484.html请求成功，保存完毕
2023-06-09 14:33:27,376 INFO:http://sn.people.com.cn/n2/2022/0117/c378288-35098183.html请求成功，保存完毕
2023-06-09 14:33:27,698 INFO:http://sn.people.com.cn/n2/2022/0110/c226647-35088225.html请求成功，保存完毕
2023-06-09 14:33:28,054 INFO:http://sn.people.com.cn/n2/2021/1112/c226647-35002127.html请求成功，保存完毕
2023-06-09 14:33:28,325 INFO:http://sn.people.com.cn/n2/2021/0907/c378345-34902977.html请求成功，保存完毕
2023-06-09 14:33:28,625 INFO:http://sn.people.com.cn/n2/2021/0824/c378288-34881208.html请求成功，保存完毕
2023-06-09 14:33:28,924 INFO:http://sn.people.com.cn/n2/2021/0810/c378345-34860219.html请求成功，保存完毕
2023-06-09 14:33:29,245 INFO:http://sn.people.com.cn/n2/2021/0703/c378288-34804730.html请求成功，保存完毕
2023-06-09 14:33:29,495 INFO:http://sn.people.com.cn/n2/2021/0627/c378345-34796119.html请求成功，保存完毕
2023-06-09 14:33:35,290 INFO:http://sn.people.com.cn/n2/2021/0619/c378345-34783745.html请求成功，保存完毕
2023-06-09 14:33:40,348 INFO:http://sn.people.com.cn/n2/2021/0528/c378288-34749537.html请求成功，保存完毕
2023-06-09 14:33:45,687 INFO:http://sn.people.com.cn/n2/2021/0527/c378299-34747856.html请求成功，保存完毕
2023-06-09 14:33:51,266 INFO:http://sn.people.com.cn/n2/2021/0202/c378288-34559380.html请求成功，保存完毕
2023-06-09 14:33:56,641 INFO:http://sn.people.com.cn/n2/2021/0114/c378288-34528251.html请求成功，保存完毕
2023-06-09 14:34:02,473 INFO:http://sn.people.com.cn/n2/2021/0114/c378288-34528239.html请求成功，保存完毕
2023-06-09 14:34:07,691 INFO:http://sn.people.com.cn/n2/2020/1229/c378288-34499678.html请求成功，保存完毕
2023-06-09 14:34:13,077 INFO:http://sn.people.com.cn/n2/2020/1225/c378288-34493536.html请求成功，保存完毕
2023-06-09 14:34:18,350 INFO:http://sn.people.com.cn/n2/2020/1219/c378288-34483051.html请求成功，保存完毕
2023-06-09 14:34:23,683 INFO:http://sn.people.com.cn/n2/2020/1217/c378288-34478717.html请求成功，保存完毕
2023-06-09 14:34:29,094 INFO:http://sn.people.com.cn/n2/2020/1212/c378288-34469966.html请求成功，保存完毕
2023-06-09 14:34:34,325 INFO:http://sn.people.com.cn/n2/2020/1208/c378288-34461285.html请求失败
2023-06-09 14:34:40,076 INFO:http://sn.people.com.cn/n2/2020/1123/c378345-34432636.html请求失败
2023-06-09 14:34:45,576 INFO:http://sn.people.com.cn/n2/2020/1119/c378288-34424063.html请求成功，保存完毕
2023-06-09 14:34:50,953 INFO:http://sn.people.com.cn/n2/2020/1110/c378288-34404894.html请求成功，保存完毕
2023-06-09 14:34:56,248 INFO:http://sn.people.com.cn/n2/2020/1013/c186331-34344717.html请求成功，保存完毕
2023-06-09 14:35:01,645 INFO:http://sn.people.com.cn/GB/378288/378348/请求成功，保存完毕
2023-06-09 14:35:01,971 INFO:http://sn.people.com.cn/n2/2022/1025/c378348-40168709.html请求成功，保存完毕
2023-06-09 14:35:02,261 INFO:http://sn.people.com.cn/n2/2022/1009/c378348-40153345.html请求成功，保存完毕
2023-06-09 14:35:02,526 INFO:http://sn.people.com.cn/n2/2022/1005/c378288-40150585.html请求成功，保存完毕
2023-06-09 14:35:02,871 INFO:http://sn.people.com.cn/n2/2022/0715/c186331-40039254.html请求成功，保存完毕
2023-06-09 14:35:03,180 INFO:http://sn.people.com.cn/n2/2022/0704/c186331-40022750.html请求成功，保存完毕
2023-06-09 14:35:03,433 INFO:http://sn.people.com.cn/n2/2022/0426/c186331-35241388.html请求失败
2023-06-09 14:35:09,221 INFO:http://sn.people.com.cn/n2/2022/0413/c186331-35220211.html请求成功，保存完毕
2023-06-09 14:35:09,465 INFO:http://sn.people.com.cn/n2/2022/0129/c378348-35119164.html请求成功，保存完毕
2023-06-09 14:35:15,445 INFO:http://sn.people.com.cn/n2/2021/1015/c186331-34958341.html请求成功，保存完毕
2023-06-09 14:35:15,736 INFO:http://sn.people.com.cn/n2/2021/1011/c186331-34950709.html请求成功，保存完毕
2023-06-09 14:35:15,977 INFO:http://sn.people.com.cn/n2/2021/0829/c378288-34888700.html请求成功，保存完毕
2023-06-09 14:35:16,282 INFO:http://sn.people.com.cn/n2/2021/0825/c378348-34883269.html请求成功，保存完毕
2023-06-09 14:35:21,865 INFO:http://sn.people.com.cn/n2/2021/0825/c378348-34882778.html请求成功，保存完毕
2023-06-09 14:35:22,101 INFO:http://sn.people.com.cn/n2/2021/0823/c378348-34879200.html请求成功，保存完毕
2023-06-09 14:35:22,323 INFO:http://sn.people.com.cn/n2/2021/0521/c378288-34737542.html请求失败
2023-06-09 14:35:27,597 INFO:http://sn.people.com.cn/n2/2021/0512/c226647-34722042.html请求失败
2023-06-09 14:35:32,694 INFO:http://sn.people.com.cn/n2/2021/0509/c378348-34715549.html请求成功，保存完毕
2023-06-09 14:35:37,971 INFO:http://sn.people.com.cn/n2/2021/0207/c378348-34569192.html请求成功，保存完毕
2023-06-09 14:35:43,356 INFO:http://sn.people.com.cn/n2/2021/0118/c378288-34532689.html请求成功，保存完毕
2023-06-09 14:35:48,693 INFO:http://sn.people.com.cn/n2/2021/0112/c378288-34522938.html请求成功，保存完毕
2023-06-09 14:35:54,258 INFO:http://sn.people.com.cn/n2/2021/0112/c378288-34522919.html请求成功，保存完毕
2023-06-09 14:36:00,052 INFO:http://sn.people.com.cn/n2/2021/0111/c378288-34521218.html请求成功，保存完毕
2023-06-09 14:36:05,847 INFO:http://sn.people.com.cn/n2/2020/1204/c378288-34456298.html请求失败
2023-06-09 14:36:11,318 INFO:http://sn.people.com.cn/n2/2020/1120/c378348-34428343.html请求成功，保存完毕
2023-06-09 14:36:16,612 INFO:http://sn.people.com.cn/n2/2020/1119/c378288-34424061.html请求成功，保存完毕
2023-06-09 14:36:21,736 INFO:http://sn.people.com.cn/n2/2020/1110/c378288-34406209.html请求成功，保存完毕
2023-06-09 14:36:26,822 INFO:http://sn.people.com.cn/n2/2020/1109/c378288-34402307.html请求成功，保存完毕
2023-06-09 14:36:31,789 INFO:http://sn.people.com.cn/n2/2020/0929/c378348-34325563.html请求成功，保存完毕
2023-06-09 14:36:36,942 INFO:http://sn.people.com.cn/n2/2020/0929/c378348-34325500.html请求失败
2023-06-09 14:36:42,404 INFO:http://sn.people.com.cn/n2/2020/0928/c378348-34323558.html请求成功，保存完毕
2023-06-09 14:36:47,807 INFO:http://sn.people.com.cn/n2/2020/0924/c378288-34313957.html请求成功，保存完毕
2023-06-09 14:36:53,342 INFO:http://sn.people.com.cn/n2/2020/0910/c378348-34283583.html请求成功，保存完毕
2023-06-09 14:36:59,132 INFO:http://sn.people.com.cn/n2/2020/0903/c378348-34269063.html请求成功，保存完毕
2023-06-09 14:37:04,444 INFO:http://sn.people.com.cn/n2/2020/0810/c378348-34217337.html请求成功，保存完毕
2023-06-09 14:37:10,050 INFO:http://sn.people.com.cn/n2/2020/0804/c378348-34204996.html请求成功，保存完毕
2023-06-09 14:37:15,238 INFO:http://sn.people.com.cn/n2/2020/0804/c378348-34204325.html请求成功，保存完毕
2023-06-09 14:37:20,809 INFO:http://sn.people.com.cn/n2/2020/0803/c378288-34200473.html请求失败
2023-06-09 14:37:25,840 INFO:http://sn.people.com.cn/n2/2020/0803/c378288-34200469.html请求失败
2023-06-09 14:37:31,461 INFO:http://sn.people.com.cn/GB/378288/378352/请求成功，保存完毕
2023-06-09 14:37:31,690 INFO:http://sn.people.com.cn/n2/2023/0109/c378288-40259264.html请求成功，保存完毕
2023-06-09 14:37:31,919 INFO:http://sn.people.com.cn/n2/2023/0104/c186331-40253461.html请求成功，保存完毕
2023-06-09 14:37:32,165 INFO:http://sn.people.com.cn/n2/2022/1014/c378352-40160538.html请求成功，保存完毕
2023-06-09 14:37:32,393 INFO:http://sn.people.com.cn/n2/2022/1008/c378288-40152315.html请求成功，保存完毕
2023-06-09 14:37:32,673 INFO:http://sn.people.com.cn/n2/2022/1005/c378288-40150584.html请求成功，保存完毕
2023-06-09 14:37:32,938 INFO:http://sn.people.com.cn/n2/2022/0712/c378288-40033971.html请求成功，保存完毕
2023-06-09 14:37:33,112 INFO:http://sn.people.com.cn/n2/2022/0708/c186331-40029605.html请求成功，保存完毕
2023-06-09 14:37:33,378 INFO:http://sn.people.com.cn/n2/2022/0422/c378289-35235034.html请求成功，保存完毕
2023-06-09 14:37:33,646 INFO:http://sn.people.com.cn/n2/2022/0420/c378352-35231601.html请求成功，保存完毕
2023-06-09 14:37:33,977 INFO:http://sn.people.com.cn/n2/2022/0416/c378352-35226109.html请求成功，保存完毕
2023-06-09 14:37:34,270 INFO:http://sn.people.com.cn/n2/2022/0408/c378352-35213503.html请求成功，保存完毕
2023-06-09 14:37:34,562 INFO:http://sn.people.com.cn/n2/2022/0406/c378289-35209283.html请求成功，保存完毕
2023-06-09 14:37:34,806 INFO:http://sn.people.com.cn/n2/2022/0227/c186331-35151707.html请求失败
2023-06-09 14:37:40,307 INFO:http://sn.people.com.cn/n2/2021/1212/c378288-35047008.html请求成功，保存完毕
2023-06-09 14:37:40,626 INFO:http://sn.people.com.cn/n2/2021/1006/c378289-34944528.html请求成功，保存完毕
2023-06-09 14:37:40,959 INFO:http://sn.people.com.cn/n2/2021/0928/c226647-34935241.html请求成功，保存完毕
2023-06-09 14:37:41,218 INFO:http://sn.people.com.cn/n2/2021/0920/c378352-34922764.html请求成功，保存完毕
2023-06-09 14:37:41,438 INFO:http://sn.people.com.cn/n2/2021/0907/c378288-34901991.html请求成功，保存完毕
2023-06-09 14:37:41,751 INFO:http://sn.people.com.cn/n2/2021/0823/c378352-34878744.html请求成功，保存完毕
2023-06-09 14:37:41,964 INFO:http://sn.people.com.cn/n2/2021/0816/c378288-34869135.html请求失败
2023-06-09 14:37:47,179 INFO:http://sn.people.com.cn/n2/2021/0814/c378352-34867072.html请求成功，保存完毕
2023-06-09 14:37:48,502 INFO:http://sn.people.com.cn/n2/2021/0721/c378288-34830272.html请求成功，保存完毕
2023-06-09 14:37:48,805 INFO:http://sn.people.com.cn/n2/2021/0720/c378288-34828365.html请求成功，保存完毕
2023-06-09 14:37:49,431 INFO:http://sn.people.com.cn/n2/2021/0710/c186331-34814363.html请求成功，保存完毕
2023-06-09 14:37:54,642 INFO:http://sn.people.com.cn/n2/2021/0702/c378352-34803699.html请求成功，保存完毕
2023-06-09 14:38:00,097 INFO:http://sn.people.com.cn/n2/2021/0629/c378288-34799137.html请求成功，保存完毕
2023-06-09 14:38:05,794 INFO:http://sn.people.com.cn/n2/2021/0621/c378288-34785379.html请求成功，保存完毕
2023-06-09 14:38:11,242 INFO:http://sn.people.com.cn/n2/2021/0615/c378288-34776368.html请求成功，保存完毕
2023-06-09 14:38:17,007 INFO:http://sn.people.com.cn/n2/2021/0606/c378289-34763109.html请求成功，保存完毕
2023-06-09 14:38:22,415 INFO:http://sn.people.com.cn/n2/2021/0501/c378352-34706270.html请求成功，保存完毕
2023-06-09 14:38:27,760 INFO:http://sn.people.com.cn/n2/2021/0412/c378288-34669891.html请求成功，保存完毕
2023-06-09 14:38:33,040 INFO:http://sn.people.com.cn/n2/2021/0409/c378288-34666043.html请求成功，保存完毕
2023-06-09 14:38:38,146 INFO:http://sn.people.com.cn/n2/2021/0330/c378288-34647700.html请求成功，保存完毕
2023-06-09 14:38:43,200 INFO:http://sn.people.com.cn/n2/2021/0318/c378288-34626798.html请求成功，保存完毕
2023-06-09 14:38:48,901 INFO:http://sn.people.com.cn/n2/2021/0310/c378288-34614818.html请求成功，保存完毕
2023-06-09 14:38:54,013 INFO:http://sn.people.com.cn/n2/2021/0118/c378288-34532728.html请求成功，保存完毕
2023-06-09 14:38:59,134 INFO:http://sn.people.com.cn/n2/2021/0117/c378288-34531989.html请求成功，保存完毕
2023-06-09 14:39:04,634 INFO:http://sn.people.com.cn/n2/2020/1122/c378288-34429930.html请求成功，保存完毕
2023-06-09 14:39:09,985 INFO:http://sn.people.com.cn/n2/2020/1013/c378288-34345782.html请求成功，保存完毕
2023-06-09 14:39:15,744 INFO:http://sn.people.com.cn/n2/2020/1009/c378352-34338652.html请求成功，保存完毕
2023-06-09 14:39:21,377 INFO:http://sn.people.com.cn/n2/2020/0819/c378352-34237697.html请求成功，保存完毕
2023-06-09 14:39:27,508 INFO:http://sn.people.com.cn/n2/2020/0814/c378288-34225677.html请求成功，保存完毕
2023-06-09 14:39:33,241 INFO:http://sn.people.com.cn/n2/2020/0803/c378352-34200636.html请求成功，保存完毕
2023-06-09 14:39:38,710 INFO:http://sn.people.com.cn/n2/2020/0731/c378352-34197130.html请求成功，保存完毕
2023-06-09 14:39:43,819 INFO:http://sn.people.com.cn/n2/2020/0730/c378352-34195589.html请求成功，保存完毕
2023-06-09 14:39:48,863 INFO:http://sn.people.com.cn/n2/2020/0729/c226647-34191682.html请求成功，保存完毕
2023-06-09 14:39:54,300 INFO:http://sn.people.com.cn/GB/378288/378351/请求成功，保存完毕
2023-06-09 14:39:54,547 INFO:http://sn.people.com.cn/n2/2023/0316/c378288-40338792.html请求成功，保存完毕
2023-06-09 14:39:54,873 INFO:http://sn.people.com.cn/n2/2022/1014/c378351-40160552.html请求成功，保存完毕
2023-06-09 14:39:55,168 INFO:http://sn.people.com.cn/n2/2022/0414/c378288-35222290.html请求成功，保存完毕
2023-06-09 14:39:55,477 INFO:http://sn.people.com.cn/n2/2022/0408/c226647-35213337.html请求成功，保存完毕
2023-06-09 14:39:55,723 INFO:http://sn.people.com.cn/n2/2022/0215/c378288-35134168.html请求成功，保存完毕
2023-06-09 14:39:56,001 INFO:http://sn.people.com.cn/n2/2022/0214/c378351-35133257.html请求成功，保存完毕
2023-06-09 14:39:56,289 INFO:http://sn.people.com.cn/n2/2021/0825/c378351-34882782.html请求成功，保存完毕
2023-06-09 14:39:56,595 INFO:http://sn.people.com.cn/n2/2021/0726/c378288-34837396.html请求成功，保存完毕
2023-06-09 14:39:56,930 INFO:http://sn.people.com.cn/n2/2021/0725/c378351-34835909.html请求成功，保存完毕
2023-06-09 14:39:57,194 INFO:http://sn.people.com.cn/n2/2021/0613/c378288-34774724.html请求成功，保存完毕
2023-06-09 14:40:06,466 INFO:http://sn.people.com.cn/n2/2021/0603/c378351-34759246.html请求成功，保存完毕
2023-06-09 14:40:11,480 INFO:http://sn.people.com.cn/n2/2021/0526/c378351-34745252.html请求成功，保存完毕
2023-06-09 14:40:16,864 INFO:http://sn.people.com.cn/n2/2021/0420/c378288-34683777.html请求成功，保存完毕
2023-06-09 14:40:21,864 INFO:http://sn.people.com.cn/n2/2021/0411/c378288-34669088.html请求成功，保存完毕
2023-06-09 14:40:27,245 INFO:http://sn.people.com.cn/n2/2021/0125/c378288-34544958.html请求成功，保存完毕
2023-06-09 14:40:32,570 INFO:http://sn.people.com.cn/n2/2021/0121/c378288-34539071.html请求成功，保存完毕
2023-06-09 14:40:38,106 INFO:http://sn.people.com.cn/n2/2021/0114/c378288-34528250.html请求成功，保存完毕
2023-06-09 14:40:43,405 INFO:http://sn.people.com.cn/n2/2020/1210/c378288-34465632.html请求成功，保存完毕
2023-06-09 14:40:48,702 INFO:http://sn.people.com.cn/n2/2020/1130/c378288-34444946.html请求成功，保存完毕
2023-06-09 14:40:54,281 INFO:http://sn.people.com.cn/n2/2020/1118/c378288-34421882.html请求成功，保存完毕
2023-06-09 14:40:59,986 INFO:http://sn.people.com.cn/n2/2020/1116/c378288-34416913.html请求成功，保存完毕
2023-06-09 14:41:04,997 INFO:http://sn.people.com.cn/n2/2020/1028/c378288-34377847.html请求成功，保存完毕
2023-06-09 14:41:10,539 INFO:http://sn.people.com.cn/n2/2020/1027/c378288-34375603.html请求成功，保存完毕
2023-06-09 14:41:16,357 INFO:http://sn.people.com.cn/n2/2020/1013/c378288-34345761.html请求成功，保存完毕
2023-06-09 14:41:21,527 INFO:http://sn.people.com.cn/n2/2020/0929/c378351-34325535.html请求成功，保存完毕
2023-06-09 14:41:26,710 INFO:http://sn.people.com.cn/GB/226647/请求成功，保存完毕
2023-06-09 14:41:26,935 INFO:http://sn.people.com.cn/GB/226647/364905/请求成功，保存完毕
2023-06-09 14:41:32,549 INFO:http://sn.people.com.cn/n2/2023/0512/c226647-40413467.html请求成功，保存完毕
2023-06-09 14:41:37,586 INFO:http://paper.people.com.cn/rmrb/html/2023-06/08/nw.D110000renmrb_20230608_1-01.htm请求成功，保存完毕
2023-06-09 14:41:37,762 INFO:http://sn.people.com.cn/n2/2023/0605/c226647-40443715.html请求成功，保存完毕
2023-06-09 14:41:38,162 INFO:http://sn.people.com.cn/n2/2023/0606/c226647-40445824.html请求成功，保存完毕
2023-06-09 14:41:43,583 INFO:http://sn.people.com.cn/n2/2023/0601/c347857-40440606.html请求成功，保存完毕
2023-06-09 14:41:43,796 INFO:http://sn.people.com.cn/n2/2023/0606/c226647-40446534.html请求成功，保存完毕
2023-06-09 14:41:43,988 INFO:http://sn.people.com.cn/n2/2023/0606/c226647-40446546.html请求成功，保存完毕
2023-06-09 14:41:44,227 INFO:http://sn.people.com.cn/n2/2023/0602/c226647-40442293.html请求成功，保存完毕
2023-06-09 14:41:44,420 INFO:http://sn.people.com.cn/n2/2023/0603/c226647-40442999.html请求成功，保存完毕
2023-06-09 14:41:49,401 INFO:http://sn.people.com.cn/n2/2023/0605/c347857-40444630.html请求成功，保存完毕
2023-06-09 14:41:49,640 INFO:http://sn.people.com.cn/n2/2023/0605/c186331-40444778.html请求成功，保存完毕
2023-06-09 14:41:49,802 INFO:http://sn.people.com.cn/n2/2023/0607/c226647-40447588.html请求成功，保存完毕
2023-06-09 14:41:54,933 INFO:http://gs.people.com.cn/GB/183348/请求成功，保存完毕
2023-06-09 14:41:55,242 INFO:http://gs.people.com.cn/n2/2023/0608/c183348-40449799.html请求成功，保存完毕
2023-06-09 14:42:00,731 INFO:http://gs.people.com.cn/n2/2023/0607/c183348-40448472.html请求成功，保存完毕
2023-06-09 14:42:00,927 INFO:http://gs.people.com.cn/n2/2023/0607/c183348-40447391.html请求成功，保存完毕
2023-06-09 14:42:01,115 INFO:http://gs.people.com.cn/n2/2023/0606/c183348-40446362.html请求成功，保存完毕
2023-06-09 14:42:01,305 INFO:http://gs.people.com.cn/n2/2023/0604/c183348-40443500.html请求成功，保存完毕
2023-06-09 14:42:01,503 INFO:http://gs.people.com.cn/n2/2023/0604/c183348-40443497.html请求成功，保存完毕
2023-06-09 14:42:01,792 INFO:http://gs.people.com.cn/n2/2023/0604/c183348-40443480.html请求成功，保存完毕
2023-06-09 14:42:02,040 INFO:http://gs.people.com.cn/n2/2023/0603/c183348-40443184.html请求成功，保存完毕
2023-06-09 14:42:02,244 INFO:http://gs.people.com.cn/n2/2023/0603/c183348-40443141.html请求成功，保存完毕
2023-06-09 14:42:02,502 INFO:http://gs.people.com.cn/n2/2023/0603/c183348-40443140.html请求成功，保存完毕
2023-06-09 14:42:02,808 INFO:http://gs.people.com.cn/n2/2023/0603/c183348-40443138.html请求成功，保存完毕
2023-06-09 14:42:03,115 INFO:http://gs.people.com.cn/n2/2023/0603/c183348-40443134.html请求成功，保存完毕
2023-06-09 14:42:03,335 INFO:http://gs.people.com.cn/n2/2023/0531/c183348-40439227.html请求成功，保存完毕
2023-06-09 14:42:03,559 INFO:http://gs.people.com.cn/n2/2023/0531/c183348-40438989.html请求成功，保存完毕
2023-06-09 14:42:03,836 INFO:http://gs.people.com.cn/n2/2023/0531/c183348-40438900.html请求成功，保存完毕
2023-06-09 14:42:04,146 INFO:http://gs.people.com.cn/n2/2023/0531/c183348-40438085.html请求成功，保存完毕
2023-06-09 14:42:09,636 INFO:http://gs.people.com.cn/n2/2023/0529/c183348-40435801.html请求成功，保存完毕
2023-06-09 14:42:14,715 INFO:http://gs.people.com.cn/n2/2023/0529/c183348-40435798.html请求成功，保存完毕
2023-06-09 14:42:14,942 INFO:http://gs.people.com.cn/n2/2023/0528/c183348-40434174.html请求成功，保存完毕
2023-06-09 14:42:15,136 INFO:http://gs.people.com.cn/n2/2023/0527/c183348-40433346.html请求成功，保存完毕
2023-06-09 14:42:15,318 INFO:http://gs.people.com.cn/n2/2023/0526/c183348-40432941.html请求成功，保存完毕
2023-06-09 14:42:15,517 INFO:http://gs.people.com.cn/n2/2023/0525/c183348-40431320.html请求成功，保存完毕
2023-06-09 14:42:15,771 INFO:http://gs.people.com.cn/n2/2023/0525/c183348-40431319.html请求成功，保存完毕
2023-06-09 14:42:15,956 INFO:http://gs.people.com.cn/n2/2023/0525/c183348-40430608.html请求成功，保存完毕
2023-06-09 14:42:16,130 INFO:http://gs.people.com.cn/n2/2023/0525/c183348-40430560.html请求成功，保存完毕
2023-06-09 14:42:22,020 INFO:http://gs.people.com.cn/n2/2023/0524/c183348-40429710.html请求成功，保存完毕
2023-06-09 14:42:24,115 INFO:http://gs.people.com.cn/n2/2023/0524/c183348-40429497.html请求成功，保存完毕
2023-06-09 14:42:29,516 INFO:http://gs.people.com.cn/n2/2023/0524/c183348-40429406.html请求成功，保存完毕
2023-06-09 14:42:29,778 INFO:http://gs.people.com.cn/n2/2023/0524/c183348-40429199.html请求成功，保存完毕
2023-06-09 14:42:30,069 INFO:http://gs.people.com.cn/n2/2023/0524/c183348-40428960.html请求成功，保存完毕
2023-06-09 14:42:30,976 INFO:http://gs.people.com.cn/n2/2023/0523/c183348-40427990.html请求成功，保存完毕
2023-06-09 14:42:31,277 INFO:http://gs.people.com.cn/n2/2023/0523/c183348-40427896.html请求成功，保存完毕
2023-06-09 14:42:31,536 INFO:http://gs.people.com.cn/n2/2023/0523/c183348-40427449.html请求成功，保存完毕
2023-06-09 14:42:32,035 INFO:http://gs.people.com.cn/n2/2023/0522/c183348-40426046.html请求成功，保存完毕
2023-06-09 14:42:37,635 INFO:http://gs.people.com.cn/n2/2023/0522/c183348-40425662.html请求成功，保存完毕
2023-06-09 14:42:37,851 INFO:http://gs.people.com.cn/n2/2023/0520/c183348-40424231.html请求成功，保存完毕
2023-06-09 14:42:38,058 INFO:http://gs.people.com.cn/n2/2023/0520/c183348-40424229.html请求成功，保存完毕
2023-06-09 14:42:38,275 INFO:http://gs.people.com.cn/n2/2023/0520/c183348-40424228.html请求成功，保存完毕
2023-06-09 14:42:38,559 INFO:http://gs.people.com.cn/n2/2023/0520/c183348-40423940.html请求成功，保存完毕
2023-06-09 14:42:44,188 INFO:http://gs.people.com.cn/n2/2023/0520/c183348-40423934.html请求成功，保存完毕
2023-06-09 14:42:44,409 INFO:http://gs.people.com.cn/n2/2023/0519/c183348-40423520.html请求成功，保存完毕
2023-06-09 14:42:49,344 INFO:http://gs.people.com.cn/n2/2023/0519/c183348-40422812.html请求成功，保存完毕
2023-06-09 14:42:49,555 INFO:http://gs.people.com.cn/n2/2023/0519/c183348-40422787.html请求成功，保存完毕
2023-06-09 14:42:49,770 INFO:http://gs.people.com.cn/n2/2023/0519/c183348-40422784.html请求成功，保存完毕
2023-06-09 14:42:50,021 INFO:http://gs.people.com.cn/n2/2023/0518/c183348-40421605.html请求成功，保存完毕
2023-06-09 14:42:55,034 INFO:http://gs.people.com.cnindex2.html请求失败
2023-06-09 14:42:59,765 INFO:http://gs.people.com.cnindex3.html请求失败
2023-06-09 14:43:05,166 INFO:http://gs.people.com.cnindex4.html请求失败
2023-06-09 14:43:10,567 INFO:http://gs.people.com.cn/GB/183283/请求成功，保存完毕
2023-06-09 14:43:10,815 INFO:http://gs.people.com.cn/n2/2023/0608/c183283-40448813.html请求成功，保存完毕
2023-06-09 14:43:11,089 INFO:http://gs.people.com.cn/n2/2023/0607/c183283-40447238.html请求成功，保存完毕
2023-06-09 14:43:11,383 INFO:http://gs.people.com.cn/n2/2023/0607/c183283-40447223.html请求成功，保存完毕
2023-06-09 14:43:11,535 INFO:http://gs.people.com.cn/n2/2023/0607/c183283-40447210.html请求成功，保存完毕
2023-06-09 14:43:11,742 INFO:http://gs.people.com.cn/n2/2023/0607/c183283-40447208.html请求成功，保存完毕
2023-06-09 14:43:11,965 INFO:http://gs.people.com.cn/n2/2023/0607/c183283-40447206.html请求成功，保存完毕
2023-06-09 14:43:12,176 INFO:http://gs.people.com.cn/n2/2023/0607/c183283-40447203.html请求成功，保存完毕
2023-06-09 14:43:12,394 INFO:http://gs.people.com.cn/n2/2023/0607/c183283-40447200.html请求成功，保存完毕
2023-06-09 14:43:12,671 INFO:http://gs.people.com.cn/n2/2023/0607/c183283-40447197.html请求成功，保存完毕
2023-06-09 14:43:12,914 INFO:http://gs.people.com.cn/n2/2023/0607/c183283-40447169.html请求成功，保存完毕
2023-06-09 14:43:13,139 INFO:http://gs.people.com.cn/n2/2023/0607/c183283-40447164.html请求成功，保存完毕
2023-06-09 14:43:13,377 INFO:http://gs.people.com.cn/n2/2023/0606/c183283-40446198.html请求成功，保存完毕
2023-06-09 14:43:13,701 INFO:http://gs.people.com.cn/n2/2023/0606/c183283-40445585.html请求成功，保存完毕
2023-06-09 14:43:13,907 INFO:http://gs.people.com.cn/n2/2023/0606/c183283-40445514.html请求成功，保存完毕
2023-06-09 14:43:14,112 INFO:http://gs.people.com.cn/n2/2023/0606/c183283-40445509.html请求成功，保存完毕
2023-06-09 14:43:14,342 INFO:http://gs.people.com.cn/n2/2023/0606/c183283-40445506.html请求成功，保存完毕
2023-06-09 14:43:14,572 INFO:http://gs.people.com.cn/n2/2023/0606/c183283-40445501.html请求成功，保存完毕
2023-06-09 14:43:14,867 INFO:http://gs.people.com.cn/n2/2023/0606/c183283-40445497.html请求成功，保存完毕
2023-06-09 14:43:15,055 INFO:http://gs.people.com.cn/n2/2023/0606/c183283-40445489.html请求成功，保存完毕
2023-06-09 14:43:15,251 INFO:http://gs.people.com.cn/n2/2023/0606/c183283-40445439.html请求成功，保存完毕
2023-06-09 14:43:15,463 INFO:http://gs.people.com.cn/n2/2023/0606/c183283-40445436.html请求成功，保存完毕
2023-06-09 14:43:15,722 INFO:http://gs.people.com.cn/n2/2023/0605/c183283-40443928.html请求成功，保存完毕
2023-06-09 14:43:16,041 INFO:http://gs.people.com.cn/n2/2023/0605/c183283-40443890.html请求成功，保存完毕
2023-06-09 14:43:16,248 INFO:http://gs.people.com.cn/n2/2023/0605/c183283-40443888.html请求成功，保存完毕
2023-06-09 14:43:16,481 INFO:http://gs.people.com.cn/n2/2023/0605/c183283-40443871.html请求成功，保存完毕
2023-06-09 14:43:16,706 INFO:http://gs.people.com.cn/n2/2023/0605/c183283-40443868.html请求成功，保存完毕
2023-06-09 14:43:16,898 INFO:http://gs.people.com.cn/n2/2023/0605/c183283-40443853.html请求成功，保存完毕
2023-06-09 14:43:17,131 INFO:http://gs.people.com.cn/n2/2023/0605/c183283-40443852.html请求成功，保存完毕
2023-06-09 14:43:17,312 INFO:http://gs.people.com.cn/n2/2023/0605/c183283-40443843.html请求成功，保存完毕
2023-06-09 14:43:17,572 INFO:http://gs.people.com.cn/n2/2023/0605/c183283-40443834.html请求成功，保存完毕
2023-06-09 14:43:17,848 INFO:http://gs.people.com.cn/n2/2023/0605/c183283-40443830.html请求成功，保存完毕
2023-06-09 14:43:18,077 INFO:http://gs.people.com.cn/n2/2023/0604/c183283-40443332.html请求成功，保存完毕
2023-06-09 14:43:18,323 INFO:http://gs.people.com.cn/n2/2023/0604/c183283-40443331.html请求成功，保存完毕
2023-06-09 14:43:18,591 INFO:http://gs.people.com.cn/n2/2023/0604/c183283-40443330.html请求成功，保存完毕
2023-06-09 14:43:18,856 INFO:http://gs.people.com.cn/n2/2023/0604/c183283-40443329.html请求成功，保存完毕
2023-06-09 14:43:19,024 INFO:http://gs.people.com.cn/n2/2023/0604/c183283-40443325.html请求成功，保存完毕
2023-06-09 14:43:19,232 INFO:http://gs.people.com.cn/n2/2023/0603/c183283-40443005.html请求成功，保存完毕
2023-06-09 14:43:19,516 INFO:http://gs.people.com.cn/n2/2023/0603/c183283-40443003.html请求成功，保存完毕
2023-06-09 14:43:19,731 INFO:http://gs.people.com.cn/n2/2023/0603/c183283-40443001.html请求成功，保存完毕
2023-06-09 14:43:19,977 INFO:http://gs.people.com.cn/n2/2023/0603/c183283-40442937.html请求成功，保存完毕
2023-06-09 14:43:20,136 INFO:http://gs.people.com.cn/n2/2023/0603/c183283-40442904.html请求成功，保存完毕
2023-06-09 14:43:20,434 INFO:http://gs.people.com.cn/n2/2023/0406/c183348-40366740.html请求成功，保存完毕
2023-06-09 14:43:20,640 INFO:http://gs.people.com.cn/n2/2023/0318/c183348-40341905.html请求成功，保存完毕
2023-06-09 14:43:20,946 INFO:http://gs.people.com.cn/n2/2023/0315/c183348-40337137.html请求成功，保存完毕
2023-06-09 14:43:21,196 INFO:http://gs.people.com.cn/n2/2022/0927/c183283-40141703.html请求成功，保存完毕
2023-06-09 14:43:21,390 INFO:http://gs.people.com.cn#请求成功，保存完毕
2023-06-09 14:43:26,795 INFO:http://cxzy.people.com.cn/请求成功，保存完毕
